<?xml version="1.0" encoding="UTF-8"?>
<coverage generated="1787413336751" clover="3.2.0">
  <project timestamp="1787413336752" name="All files">
    <metrics statements="96" coveredstatements="46" conditionals="114" coveredconditionals="71" methods="27" coveredmethods="15" elements="237" coveredelements="132" complexity="0" loc="96" ncloc="96" packages="1" files="4" classes="4"/>
    <file name="chatExport.ts" path="C:\Users\hp\Desktop\daya-ia\frontend\src\lib\chatExport.ts">
      <metrics statements="65" coveredstatements="15" conditionals="50" coveredconditionals="15" methods="18" coveredmethods="6"/>
      <line num="22" count="5" type="cond" truecount="2" falsecount="0"/>
      <line num="27" count="5" type="cond" truecount="2" falsecount="0"/>
      <line num="31" count="0" type="stmt"/>
      <line num="32" count="0" type="stmt"/>
      <line num="33" count="0" type="stmt"/>
      <line num="34" count="0" type="stmt"/>
      <line num="35" count="0" type="stmt"/>
      <line num="36" count="0" type="stmt"/>
      <line num="37" count="0" type="stmt"/>
      <line num="39" count="0" type="stmt"/>
      <line num="42" count="1" type="stmt"/>
      <line num="43" count="9" type="cond" truecount="2" falsecount="0"/>
      <line num="44" count="8" type="stmt"/>
      <line num="45" count="8" type="cond" truecount="1" falsecount="1"/>
      <line num="49" count="10" type="cond" truecount="2" falsecount="0"/>
      <line num="53" count="5" type="cond" truecount="1" falsecount="1"/>
      <line num="54" count="5" type="stmt"/>
      <line num="55" count="10" type="stmt"/>
      <line num="57" count="9" type="cond" truecount="2" falsecount="0"/>
      <line num="58" count="9" type="stmt"/>
      <line num="59" count="9" type="cond" truecount="2" falsecount="0"/>
      <line num="62" count="5" type="stmt"/>
      <line num="66" count="0" type="stmt"/>
      <line num="67" count="0" type="stmt"/>
      <line num="71" count="0" type="stmt"/>
      <line num="72" count="0" type="stmt"/>
      <line num="73" count="0" type="cond" truecount="0" falsecount="2"/>
      <line num="74" count="0" type="stmt"/>
      <line num="80" count="1" type="stmt"/>
      <line num="85" count="0" type="stmt"/>
      <line num="86" count="0" type="stmt"/>
      <line num="87" count="0" type="stmt"/>
      <line num="88" count="0" type="stmt"/>
      <line num="89" count="0" type="stmt"/>
      <line num="90" count="0" type="stmt"/>
      <line num="91" count="0" type="cond" truecount="0" falsecount="2"/>
      <line num="92" count="0" type="cond" truecount="0" falsecount="2"/>
      <line num="93" count="0" type="cond" truecount="0" falsecount="2"/>
      <line num="94" count="0" type="stmt"/>
      <line num="95" count="0" type="stmt"/>
      <line num="97" count="0" type="cond" truecount="0" falsecount="2"/>
      <line num="99" count="0" type="stmt"/>
      <line num="100" count="0" type="cond" truecount="0" falsecount="2"/>
      <line num="101" count="0" type="cond" truecount="0" falsecount="2"/>
      <line num="102" count="0" type="stmt"/>
      <line num="103" count="0" type="stmt"/>
      <line num="105" count="0" type="cond" truecount="0" falsecount="2"/>
      <line num="106" count="0" type="cond" truecount="0" falsecount="2"/>
      <line num="107" count="0" type="stmt"/>
      <line num="108" count="0" type="stmt"/>
      <line num="110" count="0" type="cond" truecount="0" falsecount="2"/>
      <line num="111" count="0" type="cond" truecount="0" falsecount="2"/>
      <line num="112" count="0" type="stmt"/>
      <line num="114" count="0" type="cond" truecount="0" falsecount="2"/>
      <line num="115" count="0" type="cond" truecount="0" falsecount="2"/>
      <line num="116" count="0" type="stmt"/>
      <line num="120" count="0" type="stmt"/>
      <line num="127" count="0" type="cond" truecount="0" falsecount="2"/>
      <line num="128" count="0" type="stmt"/>
      <line num="129" count="0" type="stmt"/>
      <line num="131" count="0" type="cond" truecount="0" falsecount="2"/>
      <line num="132" count="0" type="stmt"/>
      <line num="133" count="0" type="cond" truecount="0" falsecount="2"/>
      <line num="139" count="0" type="stmt"/>
      <line num="148" count="0" type="stmt"/>
    </file>
    <file name="cn.ts" path="C:\Users\hp\Desktop\daya-ia\frontend\src\lib\cn.ts">
      <metrics statements="1" coveredstatements="1" conditionals="0" coveredconditionals="0" methods="1" coveredmethods="1"/>
      <line num="10" count="4" type="stmt"/>
    </file>
    <file name="color.ts" path="C:\Users\hp\Desktop\daya-ia\frontend\src\lib\color.ts">
      <metrics statements="12" coveredstatements="12" conditionals="16" coveredconditionals="15" methods="7" coveredmethods="7"/>
      <line num="7" count="54" type="cond" truecount="2" falsecount="0"/>
      <line num="8" count="53" type="stmt"/>
      <line num="9" count="53" type="cond" truecount="2" falsecount="0"/>
      <line num="10" count="53" type="cond" truecount="2" falsecount="0"/>
      <line num="11" count="50" type="stmt"/>
      <line num="12" count="150" type="cond" truecount="1" falsecount="1"/>
      <line num="17" count="144" type="cond" truecount="2" falsecount="0"/>
      <line num="18" count="48" type="stmt"/>
      <line num="24" count="24" type="cond" truecount="4" falsecount="0"/>
      <line num="25" count="23" type="stmt"/>
      <line num="26" count="23" type="stmt"/>
      <line num="31" count="7" type="cond" truecount="2" falsecount="0"/>
    </file>
    <file name="modelLabel.ts" path="C:\Users\hp\Desktop\daya-ia\frontend\src\lib\modelLabel.ts">
      <metrics statements="18" coveredstatements="18" conditionals="48" coveredconditionals="41" methods="1" coveredmethods="1"/>
      <line num="7" count="15" type="cond" truecount="2" falsecount="0"/>
      <line num="8" count="12" type="stmt"/>
      <line num="9" count="12" type="cond" truecount="2" falsecount="0"/>
      <line num="10" count="11" type="cond" truecount="2" falsecount="0"/>
      <line num="11" count="10" type="cond" truecount="3" falsecount="1"/>
      <line num="12" count="10" type="cond" truecount="3" falsecount="1"/>
      <line num="13" count="10" type="cond" truecount="1" falsecount="1"/>
      <line num="14" count="10" type="cond" truecount="3" falsecount="1"/>
      <line num="15" count="10" type="cond" truecount="3" falsecount="1"/>
      <line num="16" count="10" type="cond" truecount="1" falsecount="1"/>
      <line num="17" count="10" type="cond" truecount="1" falsecount="1"/>
      <line num="18" count="10" type="cond" truecount="4" falsecount="0"/>
      <line num="19" count="8" type="cond" truecount="4" falsecount="0"/>
      <line num="20" count="6" type="cond" truecount="4" falsecount="0"/>
      <line num="21" count="4" type="cond" truecount="4" falsecount="0"/>
      <line num="22" count="3" type="cond" truecount="2" falsecount="0"/>
      <line num="23" count="2" type="cond" truecount="2" falsecount="0"/>
      <line num="24" count="1" type="stmt"/>
    </file>
  </project>
</coverage>
