{"C:\\Users\\hp\\Desktop\\daya-ia\\frontend\\src\\lib\\chatExport.ts": {"path":"C:\\Users\\hp\\Desktop\\daya-ia\\frontend\\src\\lib\\chatExport.ts","statementMap":{"0":{"start":{"line":22,"column":8},"end":{"line":26,"column":null}},"1":{"start":{"line":27,"column":2},"end":{"line":27,"column":null}},"2":{"start":{"line":31,"column":14},"end":{"line":31,"column":null}},"3":{"start":{"line":32,"column":12},"end":{"line":32,"column":null}},"4":{"start":{"line":33,"column":2},"end":{"line":33,"column":null}},"5":{"start":{"line":34,"column":2},"end":{"line":34,"column":null}},"6":{"start":{"line":35,"column":2},"end":{"line":35,"column":null}},"7":{"start":{"line":36,"column":2},"end":{"line":36,"column":null}},"8":{"start":{"line":37,"column":2},"end":{"line":37,"column":null}},"9":{"start":{"line":39,"column":2},"end":{"line":39,"column":null}},"10":{"start":{"line":39,"column":19},"end":{"line":39,"column":45}},"11":{"start":{"line":42,"column":6},"end":{"line":46,"column":null}},"12":{"start":{"line":43,"column":2},"end":{"line":43,"column":null}},"13":{"start":{"line":43,"column":12},"end":{"line":43,"column":null}},"14":{"start":{"line":44,"column":12},"end":{"line":44,"column":null}},"15":{"start":{"line":45,"column":2},"end":{"line":45,"column":null}},"16":{"start":{"line":49,"column":6},"end":{"line":49,"column":null}},"17":{"start":{"line":49,"column":34},"end":{"line":49,"column":null}},"18":{"start":{"line":53,"column":15},"end":{"line":53,"column":null}},"19":{"start":{"line":54,"column":15},"end":{"line":61,"column":null}},"20":{"start":{"line":55,"column":17},"end":{"line":55,"column":39}},"21":{"start":{"line":57,"column":18},"end":{"line":57,"column":null}},"22":{"start":{"line":58,"column":19},"end":{"line":58,"column":null}},"23":{"start":{"line":59,"column":6},"end":{"line":59,"column":null}},"24":{"start":{"line":62,"column":2},"end":{"line":62,"column":null}},"25":{"start":{"line":66,"column":13},"end":{"line":66,"column":null}},"26":{"start":{"line":67,"column":2},"end":{"line":67,"column":null}},"27":{"start":{"line":71,"column":15},"end":{"line":73,"column":null}},"28":{"start":{"line":72,"column":17},"end":{"line":72,"column":39}},"29":{"start":{"line":73,"column":15},"end":{"line":73,"column":84}},"30":{"start":{"line":74,"column":2},"end":{"line":77,"column":null}},"31":{"start":{"line":80,"column":6},"end":{"line":81,"column":null}},"32":{"start":{"line":80,"column":27},"end":{"line":81,"column":null}},"33":{"start":{"line":85,"column":16},"end":{"line":85,"column":null}},"34":{"start":{"line":86,"column":24},"end":{"line":86,"column":null}},"35":{"start":{"line":87,"column":15},"end":{"line":87,"column":null}},"36":{"start":{"line":88,"column":15},"end":{"line":88,"column":null}},"37":{"start":{"line":89,"column":2},"end":{"line":113,"column":null}},"38":{"start":{"line":90,"column":17},"end":{"line":90,"column":null}},"39":{"start":{"line":91,"column":4},"end":{"line":96,"column":null}},"40":{"start":{"line":92,"column":6},"end":{"line":92,"column":null}},"41":{"start":{"line":92,"column":20},"end":{"line":92,"column":39}},"42":{"start":{"line":92,"column":39},"end":{"line":92,"column":54}},"43":{"start":{"line":93,"column":6},"end":{"line":93,"column":null}},"44":{"start":{"line":94,"column":6},"end":{"line":94,"column":null}},"45":{"start":{"line":95,"column":6},"end":{"line":95,"column":null}},"46":{"start":{"line":97,"column":4},"end":{"line":97,"column":null}},"47":{"start":{"line":97,"column":18},"end":{"line":97,"column":44}},"48":{"start":{"line":97,"column":44},"end":{"line":97,"column":53}},"49":{"start":{"line":99,"column":14},"end":{"line":99,"column":null}},"50":{"start":{"line":100,"column":4},"end":{"line":104,"column":null}},"51":{"start":{"line":101,"column":6},"end":{"line":101,"column":null}},"52":{"start":{"line":101,"column":20},"end":{"line":101,"column":39}},"53":{"start":{"line":101,"column":39},"end":{"line":101,"column":54}},"54":{"start":{"line":102,"column":6},"end":{"line":102,"column":null}},"55":{"start":{"line":103,"column":6},"end":{"line":103,"column":null}},"56":{"start":{"line":105,"column":4},"end":{"line":109,"column":null}},"57":{"start":{"line":106,"column":6},"end":{"line":106,"column":null}},"58":{"start":{"line":106,"column":21},"end":{"line":106,"column":39}},"59":{"start":{"line":106,"column":39},"end":{"line":106,"column":53}},"60":{"start":{"line":107,"column":6},"end":{"line":107,"column":null}},"61":{"start":{"line":108,"column":6},"end":{"line":108,"column":null}},"62":{"start":{"line":110,"column":4},"end":{"line":110,"column":null}},"63":{"start":{"line":110,"column":18},"end":{"line":110,"column":37}},"64":{"start":{"line":110,"column":37},"end":{"line":110,"column":52}},"65":{"start":{"line":111,"column":4},"end":{"line":111,"column":null}},"66":{"start":{"line":111,"column":24},"end":{"line":111,"column":68}},"67":{"start":{"line":111,"column":68},"end":{"line":111,"column":77}},"68":{"start":{"line":112,"column":4},"end":{"line":112,"column":null}},"69":{"start":{"line":114,"column":2},"end":{"line":114,"column":null}},"70":{"start":{"line":114,"column":14},"end":{"line":114,"column":null}},"71":{"start":{"line":115,"column":2},"end":{"line":115,"column":null}},"72":{"start":{"line":115,"column":14},"end":{"line":115,"column":null}},"73":{"start":{"line":116,"column":2},"end":{"line":116,"column":null}},"74":{"start":{"line":120,"column":2},"end":{"line":123,"column":null}},"75":{"start":{"line":127,"column":18},"end":{"line":127,"column":null}},"76":{"start":{"line":128,"column":17},"end":{"line":135,"column":null}},"77":{"start":{"line":129,"column":17},"end":{"line":129,"column":39}},"78":{"start":{"line":131,"column":18},"end":{"line":131,"column":null}},"79":{"start":{"line":132,"column":19},"end":{"line":132,"column":null}},"80":{"start":{"line":133,"column":6},"end":{"line":133,"column":null}},"81":{"start":{"line":139,"column":15},"end":{"line":145,"column":null}},"82":{"start":{"line":148,"column":2},"end":{"line":148,"column":null}}},"fnMap":{"0":{"name":"safeFileName","decl":{"start":{"line":21,"column":16},"end":{"line":21,"column":29}},"loc":{"start":{"line":21,"column":52},"end":{"line":28,"column":null}},"line":21},"1":{"name":"download","decl":{"start":{"line":30,"column":9},"end":{"line":30,"column":18}},"loc":{"start":{"line":30,"column":48},"end":{"line":40,"column":null}},"line":30},"2":{"name":"(anonymous_2)","decl":{"start":{"line":39,"column":2},"end":{"line":39,"column":19}},"loc":{"start":{"line":39,"column":19},"end":{"line":39,"column":45}},"line":39},"3":{"name":"(anonymous_3)","decl":{"start":{"line":42,"column":6},"end":{"line":42,"column":17}},"loc":{"start":{"line":42,"column":34},"end":{"line":46,"column":null}},"line":42},"4":{"name":"(anonymous_4)","decl":{"start":{"line":49,"column":6},"end":{"line":49,"column":20}},"loc":{"start":{"line":49,"column":34},"end":{"line":49,"column":null}},"line":49},"5":{"name":"toMarkdown","decl":{"start":{"line":52,"column":16},"end":{"line":52,"column":27}},"loc":{"start":{"line":52,"column":95},"end":{"line":63,"column":null}},"line":52},"6":{"name":"(anonymous_6)","decl":{"start":{"line":55,"column":5},"end":{"line":55,"column":12}},"loc":{"start":{"line":55,"column":17},"end":{"line":55,"column":39}},"line":55},"7":{"name":"(anonymous_7)","decl":{"start":{"line":56,"column":5},"end":{"line":56,"column":9}},"loc":{"start":{"line":56,"column":14},"end":{"line":60,"column":5}},"line":56},"8":{"name":"exportMarkdown","decl":{"start":{"line":65,"column":16},"end":{"line":65,"column":31}},"loc":{"start":{"line":65,"column":93},"end":{"line":68,"column":null}},"line":65},"9":{"name":"exportJson","decl":{"start":{"line":70,"column":16},"end":{"line":70,"column":27}},"loc":{"start":{"line":70,"column":69},"end":{"line":78,"column":null}},"line":70},"10":{"name":"(anonymous_10)","decl":{"start":{"line":72,"column":5},"end":{"line":72,"column":12}},"loc":{"start":{"line":72,"column":17},"end":{"line":72,"column":39}},"line":72},"11":{"name":"(anonymous_11)","decl":{"start":{"line":73,"column":5},"end":{"line":73,"column":9}},"loc":{"start":{"line":73,"column":15},"end":{"line":73,"column":84}},"line":73},"12":{"name":"(anonymous_12)","decl":{"start":{"line":80,"column":6},"end":{"line":80,"column":13}},"loc":{"start":{"line":80,"column":27},"end":{"line":81,"column":null}},"line":80},"13":{"name":"mdToHtml","decl":{"start":{"line":84,"column":9},"end":{"line":84,"column":18}},"loc":{"start":{"line":84,"column":39},"end":{"line":117,"column":null}},"line":84},"14":{"name":"inline","decl":{"start":{"line":119,"column":9},"end":{"line":119,"column":16}},"loc":{"start":{"line":119,"column":35},"end":{"line":124,"column":null}},"line":119},"15":{"name":"exportWord","decl":{"start":{"line":126,"column":16},"end":{"line":126,"column":27}},"loc":{"start":{"line":126,"column":87},"end":{"line":149,"column":null}},"line":126},"16":{"name":"(anonymous_16)","decl":{"start":{"line":129,"column":5},"end":{"line":129,"column":12}},"loc":{"start":{"line":129,"column":17},"end":{"line":129,"column":39}},"line":129},"17":{"name":"(anonymous_17)","decl":{"start":{"line":130,"column":5},"end":{"line":130,"column":9}},"loc":{"start":{"line":130,"column":14},"end":{"line":134,"column":5}},"line":130}},"branchMap":{"0":{"loc":{"start":{"line":22,"column":16},"end":{"line":22,"column":39}},"type":"binary-expr","locations":[{"start":{"line":22,"column":16},"end":{"line":22,"column":25}},{"start":{"line":22,"column":25},"end":{"line":22,"column":39}}],"line":22},"1":{"loc":{"start":{"line":27,"column":9},"end":{"line":27,"column":null}},"type":"binary-expr","locations":[{"start":{"line":27,"column":9},"end":{"line":27,"column":17}},{"start":{"line":27,"column":17},"end":{"line":27,"column":null}}],"line":27},"2":{"loc":{"start":{"line":43,"column":2},"end":{"line":43,"column":null}},"type":"if","locations":[{"start":{"line":43,"column":2},"end":{"line":43,"column":null}},{"start":{},"end":{}}],"line":43},"3":{"loc":{"start":{"line":45,"column":9},"end":{"line":45,"column":null}},"type":"cond-expr","locations":[{"start":{"line":45,"column":30},"end":{"line":45,"column":35}},{"start":{"line":45,"column":35},"end":{"line":45,"column":null}}],"line":45},"4":{"loc":{"start":{"line":49,"column":34},"end":{"line":49,"column":null}},"type":"binary-expr","locations":[{"start":{"line":49,"column":34},"end":{"line":49,"column":61}},{"start":{"line":49,"column":61},"end":{"line":49,"column":null}}],"line":49},"5":{"loc":{"start":{"line":52,"column":69},"end":{"line":52,"column":95}},"type":"default-arg","locations":[{"start":{"line":52,"column":81},"end":{"line":52,"column":95}}],"line":52},"6":{"loc":{"start":{"line":53,"column":20},"end":{"line":53,"column":44}},"type":"binary-expr","locations":[{"start":{"line":53,"column":20},"end":{"line":53,"column":29}},{"start":{"line":53,"column":29},"end":{"line":53,"column":44}}],"line":53},"7":{"loc":{"start":{"line":57,"column":18},"end":{"line":57,"column":null}},"type":"cond-expr","locations":[{"start":{"line":57,"column":38},"end":{"line":57,"column":50}},{"start":{"line":57,"column":50},"end":{"line":57,"column":null}}],"line":57},"8":{"loc":{"start":{"line":59,"column":27},"end":{"line":59,"column":52}},"type":"cond-expr","locations":[{"start":{"line":59,"column":34},"end":{"line":59,"column":49}},{"start":{"line":59,"column":49},"end":{"line":59,"column":52}}],"line":59},"9":{"loc":{"start":{"line":73,"column":62},"end":{"line":73,"column":82}},"type":"binary-expr","locations":[{"start":{"line":73,"column":62},"end":{"line":73,"column":77}},{"start":{"line":73,"column":77},"end":{"line":73,"column":82}}],"line":73},"10":{"loc":{"start":{"line":91,"column":4},"end":{"line":96,"column":null}},"type":"if","locations":[{"start":{"line":91,"column":4},"end":{"line":96,"column":null}},{"start":{},"end":{}}],"line":91},"11":{"loc":{"start":{"line":92,"column":6},"end":{"line":92,"column":null}},"type":"if","locations":[{"start":{"line":92,"column":6},"end":{"line":92,"column":null}},{"start":{},"end":{}}],"line":92},"12":{"loc":{"start":{"line":93,"column":15},"end":{"line":93,"column":128}},"type":"cond-expr","locations":[{"start":{"line":93,"column":24},"end":{"line":93,"column":35}},{"start":{"line":93,"column":35},"end":{"line":93,"column":128}}],"line":93},"13":{"loc":{"start":{"line":97,"column":4},"end":{"line":97,"column":null}},"type":"if","locations":[{"start":{"line":97,"column":4},"end":{"line":97,"column":null}},{"start":{},"end":{}}],"line":97},"14":{"loc":{"start":{"line":100,"column":4},"end":{"line":104,"column":null}},"type":"if","locations":[{"start":{"line":100,"column":4},"end":{"line":104,"column":null}},{"start":{},"end":{}}],"line":100},"15":{"loc":{"start":{"line":101,"column":6},"end":{"line":101,"column":null}},"type":"if","locations":[{"start":{"line":101,"column":6},"end":{"line":101,"column":null}},{"start":{},"end":{}}],"line":101},"16":{"loc":{"start":{"line":105,"column":4},"end":{"line":109,"column":null}},"type":"if","locations":[{"start":{"line":105,"column":4},"end":{"line":109,"column":null}},{"start":{},"end":{}}],"line":105},"17":{"loc":{"start":{"line":106,"column":6},"end":{"line":106,"column":null}},"type":"if","locations":[{"start":{"line":106,"column":6},"end":{"line":106,"column":null}},{"start":{},"end":{}}],"line":106},"18":{"loc":{"start":{"line":110,"column":4},"end":{"line":110,"column":null}},"type":"if","locations":[{"start":{"line":110,"column":4},"end":{"line":110,"column":null}},{"start":{},"end":{}}],"line":110},"19":{"loc":{"start":{"line":111,"column":4},"end":{"line":111,"column":null}},"type":"if","locations":[{"start":{"line":111,"column":4},"end":{"line":111,"column":null}},{"start":{},"end":{}}],"line":111},"20":{"loc":{"start":{"line":114,"column":2},"end":{"line":114,"column":null}},"type":"if","locations":[{"start":{"line":114,"column":2},"end":{"line":114,"column":null}},{"start":{},"end":{}}],"line":114},"21":{"loc":{"start":{"line":115,"column":2},"end":{"line":115,"column":null}},"type":"if","locations":[{"start":{"line":115,"column":2},"end":{"line":115,"column":null}},{"start":{},"end":{}}],"line":115},"22":{"loc":{"start":{"line":126,"column":69},"end":{"line":126,"column":87}},"type":"default-arg","locations":[{"start":{"line":126,"column":81},"end":{"line":126,"column":87}}],"line":126},"23":{"loc":{"start":{"line":127,"column":18},"end":{"line":127,"column":null}},"type":"binary-expr","locations":[{"start":{"line":127,"column":18},"end":{"line":127,"column":27}},{"start":{"line":127,"column":27},"end":{"line":127,"column":null}}],"line":127},"24":{"loc":{"start":{"line":131,"column":18},"end":{"line":131,"column":null}},"type":"cond-expr","locations":[{"start":{"line":131,"column":38},"end":{"line":131,"column":50}},{"start":{"line":131,"column":50},"end":{"line":131,"column":null}}],"line":131},"25":{"loc":{"start":{"line":133,"column":104},"end":{"line":133,"column":202}},"type":"cond-expr","locations":[{"start":{"line":133,"column":111},"end":{"line":133,"column":199}},{"start":{"line":133,"column":199},"end":{"line":133,"column":202}}],"line":133}},"s":{"0":5,"1":5,"2":0,"3":0,"4":0,"5":0,"6":0,"7":0,"8":0,"9":0,"10":0,"11":1,"12":9,"13":1,"14":8,"15":8,"16":1,"17":10,"18":5,"19":5,"20":10,"21":9,"22":9,"23":9,"24":5,"25":0,"26":0,"27":0,"28":0,"29":0,"30":0,"31":1,"32":0,"33":0,"34":0,"35":0,"36":0,"37":0,"38":0,"39":0,"40":0,"41":0,"42":0,"43":0,"44":0,"45":0,"46":0,"47":0,"48":0,"49":0,"50":0,"51":0,"52":0,"53":0,"54":0,"55":0,"56":0,"57":0,"58":0,"59":0,"60":0,"61":0,"62":0,"63":0,"64":0,"65":0,"66":0,"67":0,"68":0,"69":0,"70":0,"71":0,"72":0,"73":0,"74":0,"75":0,"76":0,"77":0,"78":0,"79":0,"80":0,"81":0,"82":0},"f":{"0":5,"1":0,"2":0,"3":9,"4":10,"5":5,"6":10,"7":9,"8":0,"9":0,"10":0,"11":0,"12":0,"13":0,"14":0,"15":0,"16":0,"17":0},"b":{"0":[5,1],"1":[5,1],"2":[1,8],"3":[0,8],"4":[10,9],"5":[5],"6":[5,0],"7":[4,5],"8":[8,1],"9":[0,0],"10":[0,0],"11":[0,0],"12":[0,0],"13":[0,0],"14":[0,0],"15":[0,0],"16":[0,0],"17":[0,0],"18":[0,0],"19":[0,0],"20":[0,0],"21":[0,0],"22":[0],"23":[0,0],"24":[0,0],"25":[0,0]},"meta":{"lastBranch":26,"lastFunction":18,"lastStatement":83,"seen":{"f:21:16:21:29":0,"s:22:8:26:Infinity":0,"b:22:16:22:25:22:25:22:39":0,"s:27:2:27:Infinity":1,"b:27:9:27:17:27:17:27:Infinity":1,"f:30:9:30:18":1,"s:31:14:31:Infinity":2,"s:32:12:32:Infinity":3,"s:33:2:33:Infinity":4,"s:34:2:34:Infinity":5,"s:35:2:35:Infinity":6,"s:36:2:36:Infinity":7,"s:37:2:37:Infinity":8,"s:39:2:39:Infinity":9,"f:39:2:39:19":2,"s:39:19:39:45":10,"s:42:6:46:Infinity":11,"f:42:6:42:17":3,"b:43:2:43:Infinity:undefined:undefined:undefined:undefined":2,"s:43:2:43:Infinity":12,"s:43:12:43:Infinity":13,"s:44:12:44:Infinity":14,"s:45:2:45:Infinity":15,"b:45:30:45:35:45:35:45:Infinity":3,"s:49:6:49:Infinity":16,"f:49:6:49:20":4,"s:49:34:49:Infinity":17,"b:49:34:49:61:49:61:49:Infinity":4,"f:52:16:52:27":5,"b:52:81:52:95":5,"s:53:15:53:Infinity":18,"b:53:20:53:29:53:29:53:44":6,"s:54:15:61:Infinity":19,"f:55:5:55:12":6,"s:55:17:55:39":20,"f:56:5:56:9":7,"s:57:18:57:Infinity":21,"b:57:38:57:50:57:50:57:Infinity":7,"s:58:19:58:Infinity":22,"s:59:6:59:Infinity":23,"b:59:34:59:49:59:49:59:52":8,"s:62:2:62:Infinity":24,"f:65:16:65:31":8,"s:66:13:66:Infinity":25,"s:67:2:67:Infinity":26,"f:70:16:70:27":9,"s:71:15:73:Infinity":27,"f:72:5:72:12":10,"s:72:17:72:39":28,"f:73:5:73:9":11,"s:73:15:73:84":29,"b:73:62:73:77:73:77:73:82":9,"s:74:2:77:Infinity":30,"s:80:6:81:Infinity":31,"f:80:6:80:13":12,"s:80:27:81:Infinity":32,"f:84:9:84:18":13,"s:85:16:85:Infinity":33,"s:86:24:86:Infinity":34,"s:87:15:87:Infinity":35,"s:88:15:88:Infinity":36,"s:89:2:113:Infinity":37,"s:90:17:90:Infinity":38,"b:91:4:96:Infinity:undefined:undefined:undefined:undefined":10,"s:91:4:96:Infinity":39,"b:92:6:92:Infinity:undefined:undefined:undefined:undefined":11,"s:92:6:92:Infinity":40,"s:92:20:92:39":41,"s:92:39:92:54":42,"s:93:6:93:Infinity":43,"b:93:24:93:35:93:35:93:128":12,"s:94:6:94:Infinity":44,"s:95:6:95:Infinity":45,"b:97:4:97:Infinity:undefined:undefined:undefined:undefined":13,"s:97:4:97:Infinity":46,"s:97:18:97:44":47,"s:97:44:97:53":48,"s:99:14:99:Infinity":49,"b:100:4:104:Infinity:undefined:undefined:undefined:undefined":14,"s:100:4:104:Infinity":50,"b:101:6:101:Infinity:undefined:undefined:undefined:undefined":15,"s:101:6:101:Infinity":51,"s:101:20:101:39":52,"s:101:39:101:54":53,"s:102:6:102:Infinity":54,"s:103:6:103:Infinity":55,"b:105:4:109:Infinity:undefined:undefined:undefined:undefined":16,"s:105:4:109:Infinity":56,"b:106:6:106:Infinity:undefined:undefined:undefined:undefined":17,"s:106:6:106:Infinity":57,"s:106:21:106:39":58,"s:106:39:106:53":59,"s:107:6:107:Infinity":60,"s:108:6:108:Infinity":61,"b:110:4:110:Infinity:undefined:undefined:undefined:undefined":18,"s:110:4:110:Infinity":62,"s:110:18:110:37":63,"s:110:37:110:52":64,"b:111:4:111:Infinity:undefined:undefined:undefined:undefined":19,"s:111:4:111:Infinity":65,"s:111:24:111:68":66,"s:111:68:111:77":67,"s:112:4:112:Infinity":68,"b:114:2:114:Infinity:undefined:undefined:undefined:undefined":20,"s:114:2:114:Infinity":69,"s:114:14:114:Infinity":70,"b:115:2:115:Infinity:undefined:undefined:undefined:undefined":21,"s:115:2:115:Infinity":71,"s:115:14:115:Infinity":72,"s:116:2:116:Infinity":73,"f:119:9:119:16":14,"s:120:2:123:Infinity":74,"f:126:16:126:27":15,"b:126:81:126:87":22,"s:127:18:127:Infinity":75,"b:127:18:127:27:127:27:127:Infinity":23,"s:128:17:135:Infinity":76,"f:129:5:129:12":16,"s:129:17:129:39":77,"f:130:5:130:9":17,"s:131:18:131:Infinity":78,"b:131:38:131:50:131:50:131:Infinity":24,"s:132:19:132:Infinity":79,"s:133:6:133:Infinity":80,"b:133:111:133:199:133:199:133:202":25,"s:139:15:145:Infinity":81,"s:148:2:148:Infinity":82},"fnNames":{}}}
,"C:\\Users\\hp\\Desktop\\daya-ia\\frontend\\src\\lib\\cn.ts": {"path":"C:\\Users\\hp\\Desktop\\daya-ia\\frontend\\src\\lib\\cn.ts","statementMap":{"0":{"start":{"line":10,"column":2},"end":{"line":10,"column":null}}},"fnMap":{"0":{"name":"cn","decl":{"start":{"line":9,"column":16},"end":{"line":9,"column":19}},"loc":{"start":{"line":9,"column":52},"end":{"line":11,"column":null}},"line":9}},"branchMap":{},"s":{"0":4},"f":{"0":4},"b":{},"meta":{"lastBranch":0,"lastFunction":1,"lastStatement":1,"seen":{"f:9:16:9:19":0,"s:10:2:10:Infinity":0},"fnNames":{}}}
,"C:\\Users\\hp\\Desktop\\daya-ia\\frontend\\src\\lib\\color.ts": {"path":"C:\\Users\\hp\\Desktop\\daya-ia\\frontend\\src\\lib\\color.ts","statementMap":{"0":{"start":{"line":7,"column":2},"end":{"line":7,"column":null}},"1":{"start":{"line":7,"column":29},"end":{"line":7,"column":null}},"2":{"start":{"line":8,"column":10},"end":{"line":8,"column":null}},"3":{"start":{"line":9,"column":2},"end":{"line":9,"column":null}},"4":{"start":{"line":9,"column":22},"end":{"line":9,"column":null}},"5":{"start":{"line":9,"column":47},"end":{"line":9,"column":52}},"6":{"start":{"line":10,"column":2},"end":{"line":10,"column":null}},"7":{"start":{"line":10,"column":20},"end":{"line":10,"column":null}},"8":{"start":{"line":11,"column":12},"end":{"line":11,"column":41}},"9":{"start":{"line":11,"column":45},"end":{"line":11,"column":74}},"10":{"start":{"line":11,"column":78},"end":{"line":11,"column":null}},"11":{"start":{"line":12,"column":2},"end":{"line":12,"column":null}},"12":{"start":{"line":12,"column":30},"end":{"line":12,"column":41}},"13":{"start":{"line":17,"column":8},"end":{"line":17,"column":null}},"14":{"start":{"line":17,"column":29},"end":{"line":17,"column":39}},"15":{"start":{"line":17,"column":39},"end":{"line":17,"column":108}},"16":{"start":{"line":18,"column":2},"end":{"line":18,"column":null}},"17":{"start":{"line":24,"column":13},"end":{"line":24,"column":26}},"18":{"start":{"line":24,"column":31},"end":{"line":24,"column":44}},"19":{"start":{"line":24,"column":44},"end":{"line":24,"column":null}},"20":{"start":{"line":24,"column":60},"end":{"line":24,"column":null}},"21":{"start":{"line":25,"column":13},"end":{"line":25,"column":25}},"22":{"start":{"line":25,"column":30},"end":{"line":25,"column":null}},"23":{"start":{"line":26,"column":2},"end":{"line":26,"column":null}},"24":{"start":{"line":31,"column":2},"end":{"line":31,"column":null}}},"fnMap":{"0":{"name":"hexToRgb","decl":{"start":{"line":6,"column":16},"end":{"line":6,"column":25}},"loc":{"start":{"line":6,"column":69},"end":{"line":13,"column":null}},"line":6},"1":{"name":"(anonymous_1)","decl":{"start":{"line":9,"column":38},"end":{"line":9,"column":42}},"loc":{"start":{"line":9,"column":47},"end":{"line":9,"column":52}},"line":9},"2":{"name":"(anonymous_2)","decl":{"start":{"line":12,"column":19},"end":{"line":12,"column":25}},"loc":{"start":{"line":12,"column":30},"end":{"line":12,"column":41}},"line":12},"3":{"name":"relLum","decl":{"start":{"line":16,"column":16},"end":{"line":16,"column":23}},"loc":{"start":{"line":16,"column":68},"end":{"line":19,"column":null}},"line":16},"4":{"name":"(anonymous_4)","decl":{"start":{"line":17,"column":8},"end":{"line":17,"column":13}},"loc":{"start":{"line":17,"column":27},"end":{"line":17,"column":null}},"line":17},"5":{"name":"contrastRatio","decl":{"start":{"line":23,"column":16},"end":{"line":23,"column":30}},"loc":{"start":{"line":23,"column":60},"end":{"line":27,"column":null}},"line":23},"6":{"name":"inkOn","decl":{"start":{"line":30,"column":16},"end":{"line":30,"column":22}},"loc":{"start":{"line":30,"column":43},"end":{"line":32,"column":null}},"line":30}},"branchMap":{"0":{"loc":{"start":{"line":7,"column":2},"end":{"line":7,"column":null}},"type":"if","locations":[{"start":{"line":7,"column":2},"end":{"line":7,"column":null}},{"start":{},"end":{}}],"line":7},"1":{"loc":{"start":{"line":9,"column":2},"end":{"line":9,"column":null}},"type":"if","locations":[{"start":{"line":9,"column":2},"end":{"line":9,"column":null}},{"start":{},"end":{}}],"line":9},"2":{"loc":{"start":{"line":10,"column":2},"end":{"line":10,"column":null}},"type":"if","locations":[{"start":{"line":10,"column":2},"end":{"line":10,"column":null}},{"start":{},"end":{}}],"line":10},"3":{"loc":{"start":{"line":12,"column":9},"end":{"line":12,"column":null}},"type":"cond-expr","locations":[{"start":{"line":12,"column":45},"end":{"line":12,"column":57}},{"start":{"line":12,"column":57},"end":{"line":12,"column":null}}],"line":12},"4":{"loc":{"start":{"line":17,"column":46},"end":{"line":17,"column":108}},"type":"cond-expr","locations":[{"start":{"line":17,"column":61},"end":{"line":17,"column":73}},{"start":{"line":17,"column":73},"end":{"line":17,"column":108}}],"line":17},"5":{"loc":{"start":{"line":24,"column":44},"end":{"line":24,"column":null}},"type":"if","locations":[{"start":{"line":24,"column":44},"end":{"line":24,"column":null}},{"start":{},"end":{}}],"line":24},"6":{"loc":{"start":{"line":24,"column":48},"end":{"line":24,"column":60}},"type":"binary-expr","locations":[{"start":{"line":24,"column":48},"end":{"line":24,"column":55}},{"start":{"line":24,"column":55},"end":{"line":24,"column":60}}],"line":24},"7":{"loc":{"start":{"line":31,"column":9},"end":{"line":31,"column":null}},"type":"cond-expr","locations":[{"start":{"line":31,"column":74},"end":{"line":31,"column":86}},{"start":{"line":31,"column":86},"end":{"line":31,"column":null}}],"line":31}},"s":{"0":54,"1":1,"2":53,"3":53,"4":2,"5":6,"6":53,"7":3,"8":50,"9":50,"10":50,"11":50,"12":150,"13":48,"14":144,"15":144,"16":48,"17":24,"18":24,"19":24,"20":1,"21":23,"22":23,"23":23,"24":7},"f":{"0":54,"1":6,"2":150,"3":48,"4":144,"5":24,"6":7},"b":{"0":[1,53],"1":[2,51],"2":[3,50],"3":[50,0],"4":[6,138],"5":[1,23],"6":[24,23],"7":[4,3]},"meta":{"lastBranch":8,"lastFunction":7,"lastStatement":25,"seen":{"f:6:16:6:25":0,"b:7:2:7:Infinity:undefined:undefined:undefined:undefined":0,"s:7:2:7:Infinity":0,"s:7:29:7:Infinity":1,"s:8:10:8:Infinity":2,"b:9:2:9:Infinity:undefined:undefined:undefined:undefined":1,"s:9:2:9:Infinity":3,"s:9:22:9:Infinity":4,"f:9:38:9:42":1,"s:9:47:9:52":5,"b:10:2:10:Infinity:undefined:undefined:undefined:undefined":2,"s:10:2:10:Infinity":6,"s:10:20:10:Infinity":7,"s:11:12:11:41":8,"s:11:45:11:74":9,"s:11:78:11:Infinity":10,"s:12:2:12:Infinity":11,"b:12:45:12:57:12:57:12:Infinity":3,"f:12:19:12:25":2,"s:12:30:12:41":12,"f:16:16:16:23":3,"s:17:8:17:Infinity":13,"f:17:8:17:13":4,"s:17:29:17:39":14,"s:17:39:17:108":15,"b:17:61:17:73:17:73:17:108":4,"s:18:2:18:Infinity":16,"f:23:16:23:30":5,"s:24:13:24:26":17,"s:24:31:24:44":18,"b:24:44:24:Infinity:undefined:undefined:undefined:undefined":5,"s:24:44:24:Infinity":19,"b:24:48:24:55:24:55:24:60":6,"s:24:60:24:Infinity":20,"s:25:13:25:25":21,"s:25:30:25:Infinity":22,"s:26:2:26:Infinity":23,"f:30:16:30:22":6,"s:31:2:31:Infinity":24,"b:31:74:31:86:31:86:31:Infinity":7},"fnNames":{}}}
,"C:\\Users\\hp\\Desktop\\daya-ia\\frontend\\src\\lib\\modelLabel.ts": {"path":"C:\\Users\\hp\\Desktop\\daya-ia\\frontend\\src\\lib\\modelLabel.ts","statementMap":{"0":{"start":{"line":7,"column":2},"end":{"line":7,"column":null}},"1":{"start":{"line":7,"column":11},"end":{"line":7,"column":null}},"2":{"start":{"line":8,"column":12},"end":{"line":8,"column":null}},"3":{"start":{"line":9,"column":2},"end":{"line":9,"column":null}},"4":{"start":{"line":9,"column":30},"end":{"line":9,"column":null}},"5":{"start":{"line":10,"column":2},"end":{"line":10,"column":null}},"6":{"start":{"line":10,"column":26},"end":{"line":10,"column":null}},"7":{"start":{"line":11,"column":2},"end":{"line":11,"column":null}},"8":{"start":{"line":11,"column":50},"end":{"line":11,"column":null}},"9":{"start":{"line":12,"column":2},"end":{"line":12,"column":null}},"10":{"start":{"line":12,"column":57},"end":{"line":12,"column":null}},"11":{"start":{"line":13,"column":2},"end":{"line":13,"column":null}},"12":{"start":{"line":13,"column":29},"end":{"line":13,"column":null}},"13":{"start":{"line":14,"column":2},"end":{"line":14,"column":null}},"14":{"start":{"line":14,"column":57},"end":{"line":14,"column":null}},"15":{"start":{"line":15,"column":2},"end":{"line":15,"column":null}},"16":{"start":{"line":15,"column":53},"end":{"line":15,"column":null}},"17":{"start":{"line":16,"column":2},"end":{"line":16,"column":null}},"18":{"start":{"line":16,"column":33},"end":{"line":16,"column":null}},"19":{"start":{"line":17,"column":2},"end":{"line":17,"column":null}},"20":{"start":{"line":17,"column":32},"end":{"line":17,"column":null}},"21":{"start":{"line":18,"column":2},"end":{"line":18,"column":null}},"22":{"start":{"line":18,"column":58},"end":{"line":18,"column":null}},"23":{"start":{"line":19,"column":2},"end":{"line":19,"column":null}},"24":{"start":{"line":19,"column":52},"end":{"line":19,"column":null}},"25":{"start":{"line":20,"column":2},"end":{"line":20,"column":null}},"26":{"start":{"line":20,"column":55},"end":{"line":20,"column":null}},"27":{"start":{"line":21,"column":2},"end":{"line":21,"column":null}},"28":{"start":{"line":21,"column":51},"end":{"line":21,"column":null}},"29":{"start":{"line":22,"column":2},"end":{"line":22,"column":null}},"30":{"start":{"line":22,"column":27},"end":{"line":22,"column":null}},"31":{"start":{"line":23,"column":2},"end":{"line":23,"column":null}},"32":{"start":{"line":23,"column":29},"end":{"line":23,"column":null}},"33":{"start":{"line":24,"column":2},"end":{"line":24,"column":null}}},"fnMap":{"0":{"name":"modelLabel","decl":{"start":{"line":6,"column":16},"end":{"line":6,"column":27}},"loc":{"start":{"line":6,"column":55},"end":{"line":25,"column":null}},"line":6}},"branchMap":{"0":{"loc":{"start":{"line":7,"column":2},"end":{"line":7,"column":null}},"type":"if","locations":[{"start":{"line":7,"column":2},"end":{"line":7,"column":null}},{"start":{},"end":{}}],"line":7},"1":{"loc":{"start":{"line":9,"column":2},"end":{"line":9,"column":null}},"type":"if","locations":[{"start":{"line":9,"column":2},"end":{"line":9,"column":null}},{"start":{},"end":{}}],"line":9},"2":{"loc":{"start":{"line":10,"column":2},"end":{"line":10,"column":null}},"type":"if","locations":[{"start":{"line":10,"column":2},"end":{"line":10,"column":null}},{"start":{},"end":{}}],"line":10},"3":{"loc":{"start":{"line":11,"column":2},"end":{"line":11,"column":null}},"type":"if","locations":[{"start":{"line":11,"column":2},"end":{"line":11,"column":null}},{"start":{},"end":{}}],"line":11},"4":{"loc":{"start":{"line":11,"column":6},"end":{"line":11,"column":50}},"type":"binary-expr","locations":[{"start":{"line":11,"column":6},"end":{"line":11,"column":27}},{"start":{"line":11,"column":27},"end":{"line":11,"column":50}}],"line":11},"5":{"loc":{"start":{"line":12,"column":2},"end":{"line":12,"column":null}},"type":"if","locations":[{"start":{"line":12,"column":2},"end":{"line":12,"column":null}},{"start":{},"end":{}}],"line":12},"6":{"loc":{"start":{"line":12,"column":6},"end":{"line":12,"column":57}},"type":"binary-expr","locations":[{"start":{"line":12,"column":6},"end":{"line":12,"column":28}},{"start":{"line":12,"column":28},"end":{"line":12,"column":57}}],"line":12},"7":{"loc":{"start":{"line":13,"column":2},"end":{"line":13,"column":null}},"type":"if","locations":[{"start":{"line":13,"column":2},"end":{"line":13,"column":null}},{"start":{},"end":{}}],"line":13},"8":{"loc":{"start":{"line":14,"column":2},"end":{"line":14,"column":null}},"type":"if","locations":[{"start":{"line":14,"column":2},"end":{"line":14,"column":null}},{"start":{},"end":{}}],"line":14},"9":{"loc":{"start":{"line":14,"column":6},"end":{"line":14,"column":57}},"type":"binary-expr","locations":[{"start":{"line":14,"column":6},"end":{"line":14,"column":31}},{"start":{"line":14,"column":31},"end":{"line":14,"column":57}}],"line":14},"10":{"loc":{"start":{"line":15,"column":2},"end":{"line":15,"column":null}},"type":"if","locations":[{"start":{"line":15,"column":2},"end":{"line":15,"column":null}},{"start":{},"end":{}}],"line":15},"11":{"loc":{"start":{"line":15,"column":6},"end":{"line":15,"column":53}},"type":"binary-expr","locations":[{"start":{"line":15,"column":6},"end":{"line":15,"column":29}},{"start":{"line":15,"column":29},"end":{"line":15,"column":53}}],"line":15},"12":{"loc":{"start":{"line":16,"column":2},"end":{"line":16,"column":null}},"type":"if","locations":[{"start":{"line":16,"column":2},"end":{"line":16,"column":null}},{"start":{},"end":{}}],"line":16},"13":{"loc":{"start":{"line":17,"column":2},"end":{"line":17,"column":null}},"type":"if","locations":[{"start":{"line":17,"column":2},"end":{"line":17,"column":null}},{"start":{},"end":{}}],"line":17},"14":{"loc":{"start":{"line":18,"column":2},"end":{"line":18,"column":null}},"type":"if","locations":[{"start":{"line":18,"column":2},"end":{"line":18,"column":null}},{"start":{},"end":{}}],"line":18},"15":{"loc":{"start":{"line":18,"column":6},"end":{"line":18,"column":58}},"type":"binary-expr","locations":[{"start":{"line":18,"column":6},"end":{"line":18,"column":30}},{"start":{"line":18,"column":30},"end":{"line":18,"column":58}}],"line":18},"16":{"loc":{"start":{"line":19,"column":2},"end":{"line":19,"column":null}},"type":"if","locations":[{"start":{"line":19,"column":2},"end":{"line":19,"column":null}},{"start":{},"end":{}}],"line":19},"17":{"loc":{"start":{"line":19,"column":6},"end":{"line":19,"column":52}},"type":"binary-expr","locations":[{"start":{"line":19,"column":6},"end":{"line":19,"column":27}},{"start":{"line":19,"column":27},"end":{"line":19,"column":52}}],"line":19},"18":{"loc":{"start":{"line":20,"column":2},"end":{"line":20,"column":null}},"type":"if","locations":[{"start":{"line":20,"column":2},"end":{"line":20,"column":null}},{"start":{},"end":{}}],"line":20},"19":{"loc":{"start":{"line":20,"column":6},"end":{"line":20,"column":55}},"type":"binary-expr","locations":[{"start":{"line":20,"column":6},"end":{"line":20,"column":30}},{"start":{"line":20,"column":30},"end":{"line":20,"column":55}}],"line":20},"20":{"loc":{"start":{"line":21,"column":2},"end":{"line":21,"column":null}},"type":"if","locations":[{"start":{"line":21,"column":2},"end":{"line":21,"column":null}},{"start":{},"end":{}}],"line":21},"21":{"loc":{"start":{"line":21,"column":6},"end":{"line":21,"column":51}},"type":"binary-expr","locations":[{"start":{"line":21,"column":6},"end":{"line":21,"column":28}},{"start":{"line":21,"column":28},"end":{"line":21,"column":51}}],"line":21},"22":{"loc":{"start":{"line":22,"column":2},"end":{"line":22,"column":null}},"type":"if","locations":[{"start":{"line":22,"column":2},"end":{"line":22,"column":null}},{"start":{},"end":{}}],"line":22},"23":{"loc":{"start":{"line":23,"column":2},"end":{"line":23,"column":null}},"type":"if","locations":[{"start":{"line":23,"column":2},"end":{"line":23,"column":null}},{"start":{},"end":{}}],"line":23}},"s":{"0":15,"1":3,"2":12,"3":12,"4":1,"5":11,"6":1,"7":10,"8":0,"9":10,"10":0,"11":10,"12":0,"13":10,"14":0,"15":10,"16":0,"17":10,"18":0,"19":10,"20":0,"21":10,"22":2,"23":8,"24":2,"25":6,"26":2,"27":4,"28":1,"29":3,"30":1,"31":2,"32":1,"33":1},"f":{"0":15},"b":{"0":[3,12],"1":[1,11],"2":[1,10],"3":[0,10],"4":[10,10],"5":[0,10],"6":[10,10],"7":[0,10],"8":[0,10],"9":[10,10],"10":[0,10],"11":[10,10],"12":[0,10],"13":[0,10],"14":[2,8],"15":[10,8],"16":[2,6],"17":[8,6],"18":[2,4],"19":[6,4],"20":[1,3],"21":[4,3],"22":[1,2],"23":[1,1]},"meta":{"lastBranch":24,"lastFunction":1,"lastStatement":34,"seen":{"f:6:16:6:27":0,"b:7:2:7:Infinity:undefined:undefined:undefined:undefined":0,"s:7:2:7:Infinity":0,"s:7:11:7:Infinity":1,"s:8:12:8:Infinity":2,"b:9:2:9:Infinity:undefined:undefined:undefined:undefined":1,"s:9:2:9:Infinity":3,"s:9:30:9:Infinity":4,"b:10:2:10:Infinity:undefined:undefined:undefined:undefined":2,"s:10:2:10:Infinity":5,"s:10:26:10:Infinity":6,"b:11:2:11:Infinity:undefined:undefined:undefined:undefined":3,"s:11:2:11:Infinity":7,"b:11:6:11:27:11:27:11:50":4,"s:11:50:11:Infinity":8,"b:12:2:12:Infinity:undefined:undefined:undefined:undefined":5,"s:12:2:12:Infinity":9,"b:12:6:12:28:12:28:12:57":6,"s:12:57:12:Infinity":10,"b:13:2:13:Infinity:undefined:undefined:undefined:undefined":7,"s:13:2:13:Infinity":11,"s:13:29:13:Infinity":12,"b:14:2:14:Infinity:undefined:undefined:undefined:undefined":8,"s:14:2:14:Infinity":13,"b:14:6:14:31:14:31:14:57":9,"s:14:57:14:Infinity":14,"b:15:2:15:Infinity:undefined:undefined:undefined:undefined":10,"s:15:2:15:Infinity":15,"b:15:6:15:29:15:29:15:53":11,"s:15:53:15:Infinity":16,"b:16:2:16:Infinity:undefined:undefined:undefined:undefined":12,"s:16:2:16:Infinity":17,"s:16:33:16:Infinity":18,"b:17:2:17:Infinity:undefined:undefined:undefined:undefined":13,"s:17:2:17:Infinity":19,"s:17:32:17:Infinity":20,"b:18:2:18:Infinity:undefined:undefined:undefined:undefined":14,"s:18:2:18:Infinity":21,"b:18:6:18:30:18:30:18:58":15,"s:18:58:18:Infinity":22,"b:19:2:19:Infinity:undefined:undefined:undefined:undefined":16,"s:19:2:19:Infinity":23,"b:19:6:19:27:19:27:19:52":17,"s:19:52:19:Infinity":24,"b:20:2:20:Infinity:undefined:undefined:undefined:undefined":18,"s:20:2:20:Infinity":25,"b:20:6:20:30:20:30:20:55":19,"s:20:55:20:Infinity":26,"b:21:2:21:Infinity:undefined:undefined:undefined:undefined":20,"s:21:2:21:Infinity":27,"b:21:6:21:28:21:28:21:51":21,"s:21:51:21:Infinity":28,"b:22:2:22:Infinity:undefined:undefined:undefined:undefined":22,"s:22:2:22:Infinity":29,"s:22:27:22:Infinity":30,"b:23:2:23:Infinity:undefined:undefined:undefined:undefined":23,"s:23:2:23:Infinity":31,"s:23:29:23:Infinity":32,"s:24:2:24:Infinity":33},"fnNames":{}}}
}
