{"C:\\Users\\hp\\Desktop\\daya-ia\\backend\\src\\config\\plans.ts": {"path":"C:\\Users\\hp\\Desktop\\daya-ia\\backend\\src\\config\\plans.ts","statementMap":{"0":{"start":{"line":25,"column":49},"end":{"line":74,"column":null}},"1":{"start":{"line":78,"column":2},"end":{"line":78,"column":null}},"2":{"start":{"line":83,"column":2},"end":{"line":83,"column":null}},"3":{"start":{"line":88,"column":2},"end":{"line":88,"column":null}},"4":{"start":{"line":93,"column":2},"end":{"line":93,"column":null}},"5":{"start":{"line":96,"column":2},"end":{"line":96,"column":null}},"6":{"start":{"line":99,"column":2},"end":{"line":99,"column":null}},"7":{"start":{"line":103,"column":2},"end":{"line":111,"column":null}},"8":{"start":{"line":103,"column":40},"end":{"line":111,"column":4}}},"fnMap":{"0":{"name":"getMessageLimit","decl":{"start":{"line":77,"column":16},"end":{"line":77,"column":32}},"loc":{"start":{"line":77,"column":54},"end":{"line":79,"column":null}},"line":77},"1":{"name":"getLimitPeriod","decl":{"start":{"line":82,"column":16},"end":{"line":82,"column":31}},"loc":{"start":{"line":82,"column":62},"end":{"line":84,"column":null}},"line":82},"2":{"name":"getMatrixLevel","decl":{"start":{"line":87,"column":16},"end":{"line":87,"column":31}},"loc":{"start":{"line":87,"column":61},"end":{"line":89,"column":null}},"line":87},"3":{"name":"getImageLimit","decl":{"start":{"line":92,"column":16},"end":{"line":92,"column":30}},"loc":{"start":{"line":92,"column":52},"end":{"line":94,"column":null}},"line":92},"4":{"name":"getSearchLimit","decl":{"start":{"line":95,"column":16},"end":{"line":95,"column":31}},"loc":{"start":{"line":95,"column":53},"end":{"line":97,"column":null}},"line":95},"5":{"name":"getStudioLimit","decl":{"start":{"line":98,"column":16},"end":{"line":98,"column":31}},"loc":{"start":{"line":98,"column":53},"end":{"line":100,"column":null}},"line":98},"6":{"name":"getPublicPlans","decl":{"start":{"line":102,"column":16},"end":{"line":102,"column":33}},"loc":{"start":{"line":102,"column":33},"end":{"line":112,"column":null}},"line":102},"7":{"name":"(anonymous_7)","decl":{"start":{"line":103,"column":30},"end":{"line":103,"column":34}},"loc":{"start":{"line":103,"column":40},"end":{"line":111,"column":4}},"line":103}},"branchMap":{"0":{"loc":{"start":{"line":78,"column":9},"end":{"line":78,"column":null}},"type":"binary-expr","locations":[{"start":{"line":78,"column":9},"end":{"line":78,"column":38}},{"start":{"line":78,"column":38},"end":{"line":78,"column":null}}],"line":78},"1":{"loc":{"start":{"line":83,"column":9},"end":{"line":83,"column":null}},"type":"binary-expr","locations":[{"start":{"line":83,"column":9},"end":{"line":83,"column":37}},{"start":{"line":83,"column":37},"end":{"line":83,"column":null}}],"line":83},"2":{"loc":{"start":{"line":88,"column":9},"end":{"line":88,"column":null}},"type":"binary-expr","locations":[{"start":{"line":88,"column":9},"end":{"line":88,"column":37}},{"start":{"line":88,"column":37},"end":{"line":88,"column":null}}],"line":88},"3":{"loc":{"start":{"line":93,"column":9},"end":{"line":93,"column":null}},"type":"binary-expr","locations":[{"start":{"line":93,"column":9},"end":{"line":93,"column":36}},{"start":{"line":93,"column":36},"end":{"line":93,"column":null}}],"line":93},"4":{"loc":{"start":{"line":96,"column":9},"end":{"line":96,"column":null}},"type":"binary-expr","locations":[{"start":{"line":96,"column":9},"end":{"line":96,"column":37}},{"start":{"line":96,"column":37},"end":{"line":96,"column":null}}],"line":96},"5":{"loc":{"start":{"line":99,"column":9},"end":{"line":99,"column":null}},"type":"binary-expr","locations":[{"start":{"line":99,"column":9},"end":{"line":99,"column":37}},{"start":{"line":99,"column":37},"end":{"line":99,"column":null}}],"line":99},"6":{"loc":{"start":{"line":110,"column":15},"end":{"line":110,"column":null}},"type":"binary-expr","locations":[{"start":{"line":110,"column":15},"end":{"line":110,"column":30}},{"start":{"line":110,"column":30},"end":{"line":110,"column":null}}],"line":110}},"s":{"0":3,"1":4,"2":2,"3":2,"4":2,"5":2,"6":2,"7":1,"8":2},"f":{"0":4,"1":2,"2":2,"3":2,"4":2,"5":2,"6":1,"7":2},"b":{"0":[4,0],"1":[2,0],"2":[2,0],"3":[2,0],"4":[2,0],"5":[2,0],"6":[2,1]},"meta":{"lastBranch":7,"lastFunction":8,"lastStatement":9,"seen":{"s:25:49:74:Infinity":0,"f:77:16:77:32":0,"s:78:2:78:Infinity":1,"b:78:9:78:38:78:38:78:Infinity":0,"f:82:16:82:31":1,"s:83:2:83:Infinity":2,"b:83:9:83:37:83:37:83:Infinity":1,"f:87:16:87:31":2,"s:88:2:88:Infinity":3,"b:88:9:88:37:88:37:88:Infinity":2,"f:92:16:92:30":3,"s:93:2:93:Infinity":4,"b:93:9:93:36:93:36:93:Infinity":3,"f:95:16:95:31":4,"s:96:2:96:Infinity":5,"b:96:9:96:37:96:37:96:Infinity":4,"f:98:16:98:31":5,"s:99:2:99:Infinity":6,"b:99:9:99:37:99:37:99:Infinity":5,"f:102:16:102:33":6,"s:103:2:111:Infinity":7,"f:103:30:103:34":7,"s:103:40:111:4":8,"b:110:15:110:30:110:30:110:Infinity":6},"fnNames":{}}}
,"C:\\Users\\hp\\Desktop\\daya-ia\\backend\\src\\controllers\\authController.ts": {"path":"C:\\Users\\hp\\Desktop\\daya-ia\\backend\\src\\controllers\\authController.ts","statementMap":{"0":{"start":{"line":11,"column":27},"end":{"line":16,"column":null}},"1":{"start":{"line":23,"column":17},"end":{"line":23,"column":null}},"2":{"start":{"line":24,"column":2},"end":{"line":24,"column":null}},"3":{"start":{"line":24,"column":40},"end":{"line":24,"column":null}},"4":{"start":{"line":25,"column":2},"end":{"line":25,"column":null}},"5":{"start":{"line":25,"column":38},"end":{"line":25,"column":null}},"6":{"start":{"line":26,"column":2},"end":{"line":40,"column":null}},"7":{"start":{"line":27,"column":19},"end":{"line":27,"column":null}},"8":{"start":{"line":28,"column":20},"end":{"line":28,"column":null}},"9":{"start":{"line":28,"column":51},"end":{"line":28,"column":104}},"10":{"start":{"line":28,"column":68},"end":{"line":28,"column":99}},"11":{"start":{"line":29,"column":15},"end":{"line":29,"column":null}},"12":{"start":{"line":30,"column":4},"end":{"line":30,"column":null}},"13":{"start":{"line":30,"column":32},"end":{"line":30,"column":null}},"14":{"start":{"line":31,"column":4},"end":{"line":31,"column":null}},"15":{"start":{"line":34,"column":18},"end":{"line":34,"column":null}},"16":{"start":{"line":35,"column":4},"end":{"line":37,"column":null}},"17":{"start":{"line":36,"column":6},"end":{"line":36,"column":null}},"18":{"start":{"line":39,"column":4},"end":{"line":39,"column":null}},"19":{"start":{"line":43,"column":23},"end":{"line":47,"column":null}},"20":{"start":{"line":49,"column":20},"end":{"line":52,"column":null}},"21":{"start":{"line":56,"column":23},"end":{"line":56,"column":null}},"22":{"start":{"line":59,"column":2},"end":{"line":59,"column":null}},"23":{"start":{"line":63,"column":17},"end":{"line":63,"column":null}},"24":{"start":{"line":64,"column":2},"end":{"line":66,"column":null}},"25":{"start":{"line":65,"column":4},"end":{"line":65,"column":null}},"26":{"start":{"line":67,"column":29},"end":{"line":67,"column":null}},"27":{"start":{"line":68,"column":16},"end":{"line":68,"column":null}},"28":{"start":{"line":71,"column":20},"end":{"line":71,"column":null}},"29":{"start":{"line":72,"column":2},"end":{"line":72,"column":null}},"30":{"start":{"line":72,"column":21},"end":{"line":72,"column":null}},"31":{"start":{"line":74,"column":19},"end":{"line":74,"column":null}},"32":{"start":{"line":75,"column":2},"end":{"line":75,"column":null}},"33":{"start":{"line":75,"column":16},"end":{"line":75,"column":null}},"34":{"start":{"line":77,"column":23},"end":{"line":77,"column":null}},"35":{"start":{"line":78,"column":22},"end":{"line":78,"column":null}},"36":{"start":{"line":79,"column":24},"end":{"line":79,"column":null}},"37":{"start":{"line":80,"column":15},"end":{"line":82,"column":null}},"38":{"start":{"line":83,"column":16},"end":{"line":83,"column":null}},"39":{"start":{"line":84,"column":2},"end":{"line":84,"column":null}},"40":{"start":{"line":85,"column":2},"end":{"line":85,"column":null}},"41":{"start":{"line":86,"column":2},"end":{"line":86,"column":null}},"42":{"start":{"line":91,"column":20},"end":{"line":91,"column":null}},"43":{"start":{"line":92,"column":2},"end":{"line":92,"column":null}},"44":{"start":{"line":92,"column":14},"end":{"line":92,"column":null}},"45":{"start":{"line":93,"column":15},"end":{"line":95,"column":null}},"46":{"start":{"line":96,"column":2},"end":{"line":96,"column":null}},"47":{"start":{"line":96,"column":13},"end":{"line":96,"column":null}},"48":{"start":{"line":97,"column":2},"end":{"line":100,"column":null}},"49":{"start":{"line":101,"column":2},"end":{"line":101,"column":null}},"50":{"start":{"line":106,"column":17},"end":{"line":106,"column":null}},"51":{"start":{"line":107,"column":15},"end":{"line":107,"column":null}},"52":{"start":{"line":108,"column":2},"end":{"line":108,"column":null}},"53":{"start":{"line":108,"column":13},"end":{"line":108,"column":null}},"54":{"start":{"line":109,"column":2},"end":{"line":109,"column":null}},"55":{"start":{"line":109,"column":26},"end":{"line":109,"column":null}},"56":{"start":{"line":110,"column":22},"end":{"line":110,"column":null}},"57":{"start":{"line":111,"column":2},"end":{"line":114,"column":null}},"58":{"start":{"line":115,"column":2},"end":{"line":115,"column":null}},"59":{"start":{"line":116,"column":2},"end":{"line":116,"column":null}},"60":{"start":{"line":120,"column":17},"end":{"line":120,"column":null}},"61":{"start":{"line":121,"column":2},"end":{"line":121,"column":null}},"62":{"start":{"line":121,"column":23},"end":{"line":121,"column":null}},"63":{"start":{"line":122,"column":16},"end":{"line":122,"column":null}},"64":{"start":{"line":123,"column":23},"end":{"line":123,"column":null}},"65":{"start":{"line":125,"column":15},"end":{"line":125,"column":null}},"66":{"start":{"line":127,"column":18},"end":{"line":127,"column":null}},"67":{"start":{"line":128,"column":2},"end":{"line":128,"column":null}},"68":{"start":{"line":128,"column":13},"end":{"line":128,"column":null}},"69":{"start":{"line":131,"column":2},"end":{"line":133,"column":null}},"70":{"start":{"line":132,"column":4},"end":{"line":132,"column":null}},"71":{"start":{"line":135,"column":13},"end":{"line":135,"column":null}},"72":{"start":{"line":136,"column":2},"end":{"line":136,"column":null}},"73":{"start":{"line":136,"column":11},"end":{"line":136,"column":null}},"74":{"start":{"line":138,"column":16},"end":{"line":138,"column":null}},"75":{"start":{"line":139,"column":2},"end":{"line":139,"column":null}},"76":{"start":{"line":143,"column":17},"end":{"line":143,"column":null}},"77":{"start":{"line":144,"column":15},"end":{"line":147,"column":null}},"78":{"start":{"line":148,"column":2},"end":{"line":148,"column":null}},"79":{"start":{"line":148,"column":13},"end":{"line":148,"column":null}},"80":{"start":{"line":150,"column":20},"end":{"line":150,"column":null}},"81":{"start":{"line":151,"column":2},"end":{"line":151,"column":null}},"82":{"start":{"line":160,"column":8},"end":{"line":160,"column":null}},"83":{"start":{"line":161,"column":2},"end":{"line":161,"column":null}},"84":{"start":{"line":161,"column":14},"end":{"line":161,"column":null}},"85":{"start":{"line":163,"column":15},"end":{"line":163,"column":null}},"86":{"start":{"line":166,"column":2},"end":{"line":168,"column":null}},"87":{"start":{"line":167,"column":4},"end":{"line":167,"column":null}},"88":{"start":{"line":171,"column":21},"end":{"line":171,"column":null}},"89":{"start":{"line":172,"column":23},"end":{"line":172,"column":null}},"90":{"start":{"line":174,"column":2},"end":{"line":177,"column":null}},"91":{"start":{"line":179,"column":2},"end":{"line":179,"column":null}},"92":{"start":{"line":181,"column":2},"end":{"line":181,"column":null}},"93":{"start":{"line":186,"column":30},"end":{"line":186,"column":null}},"94":{"start":{"line":187,"column":2},"end":{"line":187,"column":null}},"95":{"start":{"line":187,"column":14},"end":{"line":187,"column":null}},"96":{"start":{"line":188,"column":2},"end":{"line":190,"column":null}},"97":{"start":{"line":189,"column":4},"end":{"line":189,"column":null}},"98":{"start":{"line":192,"column":15},"end":{"line":194,"column":null}},"99":{"start":{"line":196,"column":2},"end":{"line":198,"column":null}},"100":{"start":{"line":197,"column":4},"end":{"line":197,"column":null}},"101":{"start":{"line":200,"column":23},"end":{"line":200,"column":null}},"102":{"start":{"line":201,"column":2},"end":{"line":204,"column":null}},"103":{"start":{"line":206,"column":20},"end":{"line":206,"column":null}},"104":{"start":{"line":207,"column":2},"end":{"line":211,"column":null}}},"fnMap":{"0":{"name":"emailDomainIsReal","decl":{"start":{"line":22,"column":15},"end":{"line":22,"column":33}},"loc":{"start":{"line":22,"column":91},"end":{"line":41,"column":null}},"line":22},"1":{"name":"(anonymous_1)","decl":{"start":{"line":28,"column":24},"end":{"line":28,"column":40}},"loc":{"start":{"line":28,"column":51},"end":{"line":28,"column":104}},"line":28},"2":{"name":"(anonymous_2)","decl":{"start":{"line":28,"column":51},"end":{"line":28,"column":68}},"loc":{"start":{"line":28,"column":68},"end":{"line":28,"column":99}},"line":28},"3":{"name":"signToken","decl":{"start":{"line":58,"column":16},"end":{"line":58,"column":26}},"loc":{"start":{"line":58,"column":42},"end":{"line":60,"column":null}},"line":58},"4":{"name":"register","decl":{"start":{"line":62,"column":22},"end":{"line":62,"column":31}},"loc":{"start":{"line":62,"column":60},"end":{"line":87,"column":null}},"line":62},"5":{"name":"(anonymous_5)","decl":{"start":{"line":84,"column":50},"end":{"line":84,"column":62}},"loc":{"start":{"line":84,"column":62},"end":{"line":84,"column":64}},"line":84},"6":{"name":"(anonymous_6)","decl":{"start":{"line":85,"column":32},"end":{"line":85,"column":44}},"loc":{"start":{"line":85,"column":44},"end":{"line":85,"column":46}},"line":85},"7":{"name":"verifyEmail","decl":{"start":{"line":90,"column":22},"end":{"line":90,"column":34}},"loc":{"start":{"line":90,"column":63},"end":{"line":102,"column":null}},"line":90},"8":{"name":"resendVerification","decl":{"start":{"line":105,"column":22},"end":{"line":105,"column":41}},"loc":{"start":{"line":105,"column":70},"end":{"line":117,"column":null}},"line":105},"9":{"name":"(anonymous_9)","decl":{"start":{"line":115,"column":60},"end":{"line":115,"column":72}},"loc":{"start":{"line":115,"column":72},"end":{"line":115,"column":74}},"line":115},"10":{"name":"login","decl":{"start":{"line":119,"column":22},"end":{"line":119,"column":28}},"loc":{"start":{"line":119,"column":57},"end":{"line":140,"column":null}},"line":119},"11":{"name":"me","decl":{"start":{"line":142,"column":22},"end":{"line":142,"column":25}},"loc":{"start":{"line":142,"column":54},"end":{"line":152,"column":null}},"line":142},"12":{"name":"forgotPassword","decl":{"start":{"line":159,"column":22},"end":{"line":159,"column":37}},"loc":{"start":{"line":159,"column":66},"end":{"line":182,"column":null}},"line":159},"13":{"name":"(anonymous_13)","decl":{"start":{"line":179,"column":55},"end":{"line":179,"column":67}},"loc":{"start":{"line":179,"column":67},"end":{"line":179,"column":69}},"line":179},"14":{"name":"resetPassword","decl":{"start":{"line":185,"column":22},"end":{"line":185,"column":36}},"loc":{"start":{"line":185,"column":65},"end":{"line":212,"column":null}},"line":185}},"branchMap":{"0":{"loc":{"start":{"line":24,"column":2},"end":{"line":24,"column":null}},"type":"if","locations":[{"start":{"line":24,"column":2},"end":{"line":24,"column":null}},{"start":{},"end":{}}],"line":24},"1":{"loc":{"start":{"line":24,"column":6},"end":{"line":24,"column":40}},"type":"binary-expr","locations":[{"start":{"line":24,"column":6},"end":{"line":24,"column":17}},{"start":{"line":24,"column":17},"end":{"line":24,"column":40}}],"line":24},"2":{"loc":{"start":{"line":25,"column":2},"end":{"line":25,"column":null}},"type":"if","locations":[{"start":{"line":25,"column":2},"end":{"line":25,"column":null}},{"start":{},"end":{}}],"line":25},"3":{"loc":{"start":{"line":30,"column":4},"end":{"line":30,"column":null}},"type":"if","locations":[{"start":{"line":30,"column":4},"end":{"line":30,"column":null}},{"start":{},"end":{}}],"line":30},"4":{"loc":{"start":{"line":30,"column":8},"end":{"line":30,"column":32}},"type":"binary-expr","locations":[{"start":{"line":30,"column":8},"end":{"line":30,"column":15}},{"start":{"line":30,"column":15},"end":{"line":30,"column":32}}],"line":30},"5":{"loc":{"start":{"line":35,"column":4},"end":{"line":37,"column":null}},"type":"if","locations":[{"start":{"line":35,"column":4},"end":{"line":37,"column":null}},{"start":{},"end":{}}],"line":35},"6":{"loc":{"start":{"line":35,"column":8},"end":{"line":35,"column":52}},"type":"binary-expr","locations":[{"start":{"line":35,"column":8},"end":{"line":35,"column":32}},{"start":{"line":35,"column":32},"end":{"line":35,"column":52}}],"line":35},"7":{"loc":{"start":{"line":56,"column":23},"end":{"line":56,"column":null}},"type":"binary-expr","locations":[{"start":{"line":56,"column":23},"end":{"line":56,"column":53}},{"start":{"line":56,"column":53},"end":{"line":56,"column":null}}],"line":56},"8":{"loc":{"start":{"line":64,"column":2},"end":{"line":66,"column":null}},"type":"if","locations":[{"start":{"line":64,"column":2},"end":{"line":66,"column":null}},{"start":{},"end":{}}],"line":64},"9":{"loc":{"start":{"line":65,"column":41},"end":{"line":65,"column":94}},"type":"binary-expr","locations":[{"start":{"line":65,"column":41},"end":{"line":65,"column":76}},{"start":{"line":65,"column":76},"end":{"line":65,"column":94}}],"line":65},"10":{"loc":{"start":{"line":72,"column":2},"end":{"line":72,"column":null}},"type":"if","locations":[{"start":{"line":72,"column":2},"end":{"line":72,"column":null}},{"start":{},"end":{}}],"line":72},"11":{"loc":{"start":{"line":75,"column":2},"end":{"line":75,"column":null}},"type":"if","locations":[{"start":{"line":75,"column":2},"end":{"line":75,"column":null}},{"start":{},"end":{}}],"line":75},"12":{"loc":{"start":{"line":92,"column":2},"end":{"line":92,"column":null}},"type":"if","locations":[{"start":{"line":92,"column":2},"end":{"line":92,"column":null}},{"start":{},"end":{}}],"line":92},"13":{"loc":{"start":{"line":96,"column":2},"end":{"line":96,"column":null}},"type":"if","locations":[{"start":{"line":96,"column":2},"end":{"line":96,"column":null}},{"start":{},"end":{}}],"line":96},"14":{"loc":{"start":{"line":108,"column":2},"end":{"line":108,"column":null}},"type":"if","locations":[{"start":{"line":108,"column":2},"end":{"line":108,"column":null}},{"start":{},"end":{}}],"line":108},"15":{"loc":{"start":{"line":109,"column":2},"end":{"line":109,"column":null}},"type":"if","locations":[{"start":{"line":109,"column":2},"end":{"line":109,"column":null}},{"start":{},"end":{}}],"line":109},"16":{"loc":{"start":{"line":121,"column":2},"end":{"line":121,"column":null}},"type":"if","locations":[{"start":{"line":121,"column":2},"end":{"line":121,"column":null}},{"start":{},"end":{}}],"line":121},"17":{"loc":{"start":{"line":121,"column":60},"end":{"line":121,"column":113}},"type":"binary-expr","locations":[{"start":{"line":121,"column":60},"end":{"line":121,"column":95}},{"start":{"line":121,"column":95},"end":{"line":121,"column":113}}],"line":121},"18":{"loc":{"start":{"line":128,"column":2},"end":{"line":128,"column":null}},"type":"if","locations":[{"start":{"line":128,"column":2},"end":{"line":128,"column":null}},{"start":{},"end":{}}],"line":128},"19":{"loc":{"start":{"line":131,"column":2},"end":{"line":133,"column":null}},"type":"if","locations":[{"start":{"line":131,"column":2},"end":{"line":133,"column":null}},{"start":{},"end":{}}],"line":131},"20":{"loc":{"start":{"line":136,"column":2},"end":{"line":136,"column":null}},"type":"if","locations":[{"start":{"line":136,"column":2},"end":{"line":136,"column":null}},{"start":{},"end":{}}],"line":136},"21":{"loc":{"start":{"line":148,"column":2},"end":{"line":148,"column":null}},"type":"if","locations":[{"start":{"line":148,"column":2},"end":{"line":148,"column":null}},{"start":{},"end":{}}],"line":148},"22":{"loc":{"start":{"line":150,"column":20},"end":{"line":150,"column":null}},"type":"binary-expr","locations":[{"start":{"line":150,"column":20},"end":{"line":150,"column":38}},{"start":{"line":150,"column":38},"end":{"line":150,"column":65}},{"start":{"line":150,"column":65},"end":{"line":150,"column":null}}],"line":150},"23":{"loc":{"start":{"line":160,"column":17},"end":{"line":160,"column":37}},"type":"binary-expr","locations":[{"start":{"line":160,"column":17},"end":{"line":160,"column":35}},{"start":{"line":160,"column":35},"end":{"line":160,"column":37}}],"line":160},"24":{"loc":{"start":{"line":161,"column":2},"end":{"line":161,"column":null}},"type":"if","locations":[{"start":{"line":161,"column":2},"end":{"line":161,"column":null}},{"start":{},"end":{}}],"line":161},"25":{"loc":{"start":{"line":166,"column":2},"end":{"line":168,"column":null}},"type":"if","locations":[{"start":{"line":166,"column":2},"end":{"line":168,"column":null}},{"start":{},"end":{}}],"line":166},"26":{"loc":{"start":{"line":187,"column":2},"end":{"line":187,"column":null}},"type":"if","locations":[{"start":{"line":187,"column":2},"end":{"line":187,"column":null}},{"start":{},"end":{}}],"line":187},"27":{"loc":{"start":{"line":188,"column":2},"end":{"line":190,"column":null}},"type":"if","locations":[{"start":{"line":188,"column":2},"end":{"line":190,"column":null}},{"start":{},"end":{}}],"line":188},"28":{"loc":{"start":{"line":188,"column":6},"end":{"line":188,"column":40}},"type":"binary-expr","locations":[{"start":{"line":188,"column":6},"end":{"line":188,"column":19}},{"start":{"line":188,"column":19},"end":{"line":188,"column":40}}],"line":188},"29":{"loc":{"start":{"line":196,"column":2},"end":{"line":198,"column":null}},"type":"if","locations":[{"start":{"line":196,"column":2},"end":{"line":198,"column":null}},{"start":{},"end":{}}],"line":196}},"s":{"0":1,"1":3,"2":3,"3":0,"4":3,"5":1,"6":2,"7":2,"8":2,"9":2,"10":0,"11":2,"12":2,"13":0,"14":2,"15":0,"16":0,"17":0,"18":0,"19":1,"20":1,"21":1,"22":3,"23":4,"24":4,"25":1,"26":3,"27":3,"28":3,"29":3,"30":1,"31":2,"32":2,"33":1,"34":1,"35":1,"36":1,"37":1,"38":1,"39":1,"40":1,"41":1,"42":0,"43":0,"44":0,"45":0,"46":0,"47":0,"48":0,"49":0,"50":0,"51":0,"52":0,"53":0,"54":0,"55":0,"56":0,"57":0,"58":0,"59":0,"60":5,"61":5,"62":1,"63":4,"64":4,"65":4,"66":4,"67":4,"68":1,"69":3,"70":1,"71":2,"72":2,"73":1,"74":1,"75":1,"76":0,"77":0,"78":0,"79":0,"80":0,"81":0,"82":0,"83":0,"84":0,"85":0,"86":0,"87":0,"88":0,"89":0,"90":0,"91":0,"92":0,"93":0,"94":0,"95":0,"96":0,"97":0,"98":0,"99":0,"100":0,"101":0,"102":0,"103":0,"104":0},"f":{"0":3,"1":2,"2":0,"3":3,"4":4,"5":0,"6":0,"7":0,"8":0,"9":0,"10":5,"11":0,"12":0,"13":0,"14":0},"b":{"0":[0,3],"1":[3,3],"2":[1,2],"3":[0,2],"4":[2,2],"5":[0,0],"6":[0,0],"7":[1,1],"8":[1,3],"9":[1,0],"10":[1,2],"11":[1,1],"12":[0,0],"13":[0,0],"14":[0,0],"15":[0,0],"16":[1,4],"17":[1,0],"18":[1,3],"19":[1,2],"20":[1,1],"21":[0,0],"22":[0,0,0],"23":[0,0],"24":[0,0],"25":[0,0],"26":[0,0],"27":[0,0],"28":[0,0],"29":[0,0]},"meta":{"lastBranch":30,"lastFunction":15,"lastStatement":105,"seen":{"s:11:27:16:Infinity":0,"f:22:15:22:33":0,"s:23:17:23:Infinity":1,"b:24:2:24:Infinity:undefined:undefined:undefined:undefined":0,"s:24:2:24:Infinity":2,"b:24:6:24:17:24:17:24:40":1,"s:24:40:24:Infinity":3,"b:25:2:25:Infinity:undefined:undefined:undefined:undefined":2,"s:25:2:25:Infinity":4,"s:25:38:25:Infinity":5,"s:26:2:40:Infinity":6,"s:27:19:27:Infinity":7,"s:28:20:28:Infinity":8,"f:28:24:28:40":1,"s:28:51:28:104":9,"f:28:51:28:68":2,"s:28:68:28:99":10,"s:29:15:29:Infinity":11,"b:30:4:30:Infinity:undefined:undefined:undefined:undefined":3,"s:30:4:30:Infinity":12,"b:30:8:30:15:30:15:30:32":4,"s:30:32:30:Infinity":13,"s:31:4:31:Infinity":14,"s:34:18:34:Infinity":15,"b:35:4:37:Infinity:undefined:undefined:undefined:undefined":5,"s:35:4:37:Infinity":16,"b:35:8:35:32:35:32:35:52":6,"s:36:6:36:Infinity":17,"s:39:4:39:Infinity":18,"s:43:23:47:Infinity":19,"s:49:20:52:Infinity":20,"s:56:23:56:Infinity":21,"b:56:23:56:53:56:53:56:Infinity":7,"f:58:16:58:26":3,"s:59:2:59:Infinity":22,"f:62:22:62:31":4,"s:63:17:63:Infinity":23,"b:64:2:66:Infinity:undefined:undefined:undefined:undefined":8,"s:64:2:66:Infinity":24,"s:65:4:65:Infinity":25,"b:65:41:65:76:65:76:65:94":9,"s:67:29:67:Infinity":26,"s:68:16:68:Infinity":27,"s:71:20:71:Infinity":28,"b:72:2:72:Infinity:undefined:undefined:undefined:undefined":10,"s:72:2:72:Infinity":29,"s:72:21:72:Infinity":30,"s:74:19:74:Infinity":31,"b:75:2:75:Infinity:undefined:undefined:undefined:undefined":11,"s:75:2:75:Infinity":32,"s:75:16:75:Infinity":33,"s:77:23:77:Infinity":34,"s:78:22:78:Infinity":35,"s:79:24:79:Infinity":36,"s:80:15:82:Infinity":37,"s:83:16:83:Infinity":38,"s:84:2:84:Infinity":39,"f:84:50:84:62":5,"s:85:2:85:Infinity":40,"f:85:32:85:44":6,"s:86:2:86:Infinity":41,"f:90:22:90:34":7,"s:91:20:91:Infinity":42,"b:92:2:92:Infinity:undefined:undefined:undefined:undefined":12,"s:92:2:92:Infinity":43,"s:92:14:92:Infinity":44,"s:93:15:95:Infinity":45,"b:96:2:96:Infinity:undefined:undefined:undefined:undefined":13,"s:96:2:96:Infinity":46,"s:96:13:96:Infinity":47,"s:97:2:100:Infinity":48,"s:101:2:101:Infinity":49,"f:105:22:105:41":8,"s:106:17:106:Infinity":50,"s:107:15:107:Infinity":51,"b:108:2:108:Infinity:undefined:undefined:undefined:undefined":14,"s:108:2:108:Infinity":52,"s:108:13:108:Infinity":53,"b:109:2:109:Infinity:undefined:undefined:undefined:undefined":15,"s:109:2:109:Infinity":54,"s:109:26:109:Infinity":55,"s:110:22:110:Infinity":56,"s:111:2:114:Infinity":57,"s:115:2:115:Infinity":58,"f:115:60:115:72":9,"s:116:2:116:Infinity":59,"f:119:22:119:28":10,"s:120:17:120:Infinity":60,"b:121:2:121:Infinity:undefined:undefined:undefined:undefined":16,"s:121:2:121:Infinity":61,"s:121:23:121:Infinity":62,"b:121:60:121:95:121:95:121:113":17,"s:122:16:122:Infinity":63,"s:123:23:123:Infinity":64,"s:125:15:125:Infinity":65,"s:127:18:127:Infinity":66,"b:128:2:128:Infinity:undefined:undefined:undefined:undefined":18,"s:128:2:128:Infinity":67,"s:128:13:128:Infinity":68,"b:131:2:133:Infinity:undefined:undefined:undefined:undefined":19,"s:131:2:133:Infinity":69,"s:132:4:132:Infinity":70,"s:135:13:135:Infinity":71,"b:136:2:136:Infinity:undefined:undefined:undefined:undefined":20,"s:136:2:136:Infinity":72,"s:136:11:136:Infinity":73,"s:138:16:138:Infinity":74,"s:139:2:139:Infinity":75,"f:142:22:142:25":11,"s:143:17:143:Infinity":76,"s:144:15:147:Infinity":77,"b:148:2:148:Infinity:undefined:undefined:undefined:undefined":21,"s:148:2:148:Infinity":78,"s:148:13:148:Infinity":79,"s:150:20:150:Infinity":80,"b:150:20:150:38:150:38:150:65:150:65:150:Infinity":22,"s:151:2:151:Infinity":81,"f:159:22:159:37":12,"s:160:8:160:Infinity":82,"b:160:17:160:35:160:35:160:37":23,"b:161:2:161:Infinity:undefined:undefined:undefined:undefined":24,"s:161:2:161:Infinity":83,"s:161:14:161:Infinity":84,"s:163:15:163:Infinity":85,"b:166:2:168:Infinity:undefined:undefined:undefined:undefined":25,"s:166:2:168:Infinity":86,"s:167:4:167:Infinity":87,"s:171:21:171:Infinity":88,"s:172:23:172:Infinity":89,"s:174:2:177:Infinity":90,"s:179:2:179:Infinity":91,"f:179:55:179:67":13,"s:181:2:181:Infinity":92,"f:185:22:185:36":14,"s:186:30:186:Infinity":93,"b:187:2:187:Infinity:undefined:undefined:undefined:undefined":26,"s:187:2:187:Infinity":94,"s:187:14:187:Infinity":95,"b:188:2:190:Infinity:undefined:undefined:undefined:undefined":27,"s:188:2:190:Infinity":96,"b:188:6:188:19:188:19:188:40":28,"s:189:4:189:Infinity":97,"s:192:15:194:Infinity":98,"b:196:2:198:Infinity:undefined:undefined:undefined:undefined":29,"s:196:2:198:Infinity":99,"s:197:4:197:Infinity":100,"s:200:23:200:Infinity":101,"s:201:2:204:Infinity":102,"s:206:20:206:Infinity":103,"s:207:2:211:Infinity":104},"fnNames":{}}}
,"C:\\Users\\hp\\Desktop\\daya-ia\\backend\\src\\controllers\\chatController.ts": {"path":"C:\\Users\\hp\\Desktop\\daya-ia\\backend\\src\\controllers\\chatController.ts","statementMap":{"0":{"start":{"line":18,"column":2},"end":{"line":42,"column":null}},"1":{"start":{"line":19,"column":4},"end":{"line":19,"column":null}},"2":{"start":{"line":44,"column":2},"end":{"line":55,"column":null}},"3":{"start":{"line":45,"column":4},"end":{"line":45,"column":null}},"4":{"start":{"line":57,"column":2},"end":{"line":67,"column":null}},"5":{"start":{"line":58,"column":4},"end":{"line":58,"column":null}},"6":{"start":{"line":69,"column":2},"end":{"line":86,"column":null}},"7":{"start":{"line":73,"column":25},"end":{"line":73,"column":null}},"8":{"start":{"line":74,"column":22},"end":{"line":74,"column":null}},"9":{"start":{"line":75,"column":4},"end":{"line":85,"column":null}},"10":{"start":{"line":76,"column":6},"end":{"line":76,"column":null}},"11":{"start":{"line":88,"column":2},"end":{"line":90,"column":null}},"12":{"start":{"line":89,"column":4},"end":{"line":89,"column":null}},"13":{"start":{"line":92,"column":2},"end":{"line":92,"column":null}},"14":{"start":{"line":109,"column":12},"end":{"line":109,"column":null}},"15":{"start":{"line":111,"column":2},"end":{"line":111,"column":null}},"16":{"start":{"line":111,"column":190},"end":{"line":111,"column":null}},"17":{"start":{"line":113,"column":2},"end":{"line":113,"column":null}},"18":{"start":{"line":113,"column":88},"end":{"line":113,"column":null}},"19":{"start":{"line":115,"column":2},"end":{"line":115,"column":null}},"20":{"start":{"line":115,"column":109},"end":{"line":115,"column":null}},"21":{"start":{"line":116,"column":2},"end":{"line":116,"column":null}},"22":{"start":{"line":124,"column":12},"end":{"line":124,"column":null}},"23":{"start":{"line":125,"column":2},"end":{"line":125,"column":null}},"24":{"start":{"line":125,"column":140},"end":{"line":125,"column":null}},"25":{"start":{"line":126,"column":2},"end":{"line":126,"column":null}},"26":{"start":{"line":126,"column":78},"end":{"line":126,"column":null}},"27":{"start":{"line":127,"column":2},"end":{"line":127,"column":null}},"28":{"start":{"line":127,"column":97},"end":{"line":127,"column":null}},"29":{"start":{"line":128,"column":2},"end":{"line":128,"column":null}},"30":{"start":{"line":128,"column":84},"end":{"line":128,"column":null}},"31":{"start":{"line":129,"column":2},"end":{"line":129,"column":null}},"32":{"start":{"line":129,"column":103},"end":{"line":129,"column":null}},"33":{"start":{"line":130,"column":2},"end":{"line":130,"column":null}},"34":{"start":{"line":130,"column":89},"end":{"line":130,"column":null}},"35":{"start":{"line":131,"column":2},"end":{"line":131,"column":null}},"36":{"start":{"line":131,"column":162},"end":{"line":131,"column":null}},"37":{"start":{"line":132,"column":2},"end":{"line":132,"column":null}},"38":{"start":{"line":132,"column":102},"end":{"line":132,"column":null}},"39":{"start":{"line":133,"column":2},"end":{"line":133,"column":null}},"40":{"start":{"line":133,"column":135},"end":{"line":133,"column":null}},"41":{"start":{"line":134,"column":2},"end":{"line":134,"column":null}},"42":{"start":{"line":138,"column":2},"end":{"line":138,"column":null}},"43":{"start":{"line":138,"column":23},"end":{"line":138,"column":null}},"44":{"start":{"line":139,"column":16},"end":{"line":143,"column":null}},"45":{"start":{"line":140,"column":10},"end":{"line":140,"column":null}},"46":{"start":{"line":140,"column":28},"end":{"line":140,"column":110}},"47":{"start":{"line":140,"column":34},"end":{"line":140,"column":85}},"48":{"start":{"line":140,"column":95},"end":{"line":140,"column":108}},"49":{"start":{"line":141,"column":10},"end":{"line":141,"column":null}},"50":{"start":{"line":142,"column":4},"end":{"line":142,"column":null}},"51":{"start":{"line":144,"column":2},"end":{"line":144,"column":null}},"52":{"start":{"line":157,"column":2},"end":{"line":157,"column":null}},"53":{"start":{"line":161,"column":2},"end":{"line":179,"column":null}},"54":{"start":{"line":162,"column":16},"end":{"line":162,"column":null}},"55":{"start":{"line":163,"column":16},"end":{"line":164,"column":null}},"56":{"start":{"line":167,"column":16},"end":{"line":167,"column":null}},"57":{"start":{"line":168,"column":10},"end":{"line":172,"column":null}},"58":{"start":{"line":173,"column":4},"end":{"line":173,"column":null}},"59":{"start":{"line":173,"column":16},"end":{"line":173,"column":null}},"60":{"start":{"line":175,"column":19},"end":{"line":175,"column":null}},"61":{"start":{"line":176,"column":4},"end":{"line":176,"column":null}},"62":{"start":{"line":178,"column":4},"end":{"line":178,"column":null}},"63":{"start":{"line":191,"column":16},"end":{"line":202,"column":null}},"64":{"start":{"line":192,"column":62},"end":{"line":192,"column":null}},"65":{"start":{"line":193,"column":64},"end":{"line":193,"column":null}},"66":{"start":{"line":195,"column":8},"end":{"line":195,"column":null}},"67":{"start":{"line":198,"column":55},"end":{"line":201,"column":6}},"68":{"start":{"line":203,"column":2},"end":{"line":205,"column":null}},"69":{"start":{"line":204,"column":4},"end":{"line":204,"column":null}},"70":{"start":{"line":204,"column":33},"end":{"line":204,"column":null}},"71":{"start":{"line":216,"column":12},"end":{"line":216,"column":null}},"72":{"start":{"line":217,"column":2},"end":{"line":217,"column":null}},"73":{"start":{"line":217,"column":34},"end":{"line":217,"column":null}},"74":{"start":{"line":219,"column":2},"end":{"line":219,"column":null}},"75":{"start":{"line":219,"column":203},"end":{"line":219,"column":null}},"76":{"start":{"line":222,"column":13},"end":{"line":224,"column":null}},"77":{"start":{"line":225,"column":2},"end":{"line":225,"column":null}},"78":{"start":{"line":225,"column":23},"end":{"line":225,"column":null}},"79":{"start":{"line":228,"column":13},"end":{"line":228,"column":null}},"80":{"start":{"line":229,"column":2},"end":{"line":229,"column":null}},"81":{"start":{"line":229,"column":23},"end":{"line":229,"column":null}},"82":{"start":{"line":231,"column":2},"end":{"line":231,"column":null}},"83":{"start":{"line":234,"column":27},"end":{"line":655,"column":null}},"84":{"start":{"line":235,"column":17},"end":{"line":235,"column":null}},"85":{"start":{"line":236,"column":82},"end":{"line":236,"column":null}},"86":{"start":{"line":238,"column":45},"end":{"line":238,"column":null}},"87":{"start":{"line":240,"column":2},"end":{"line":240,"column":null}},"88":{"start":{"line":240,"column":24},"end":{"line":240,"column":null}},"89":{"start":{"line":241,"column":2},"end":{"line":241,"column":null}},"90":{"start":{"line":241,"column":29},"end":{"line":241,"column":null}},"91":{"start":{"line":243,"column":2},"end":{"line":654,"column":null}},"92":{"start":{"line":244,"column":17},"end":{"line":244,"column":null}},"93":{"start":{"line":245,"column":4},"end":{"line":245,"column":null}},"94":{"start":{"line":245,"column":15},"end":{"line":245,"column":null}},"95":{"start":{"line":252,"column":4},"end":{"line":264,"column":null}},"96":{"start":{"line":253,"column":24},"end":{"line":253,"column":null}},"97":{"start":{"line":254,"column":6},"end":{"line":263,"column":null}},"98":{"start":{"line":255,"column":8},"end":{"line":255,"column":null}},"99":{"start":{"line":256,"column":8},"end":{"line":256,"column":null}},"100":{"start":{"line":257,"column":8},"end":{"line":257,"column":null}},"101":{"start":{"line":258,"column":8},"end":{"line":258,"column":null}},"102":{"start":{"line":259,"column":8},"end":{"line":259,"column":null}},"103":{"start":{"line":260,"column":8},"end":{"line":260,"column":null}},"104":{"start":{"line":261,"column":8},"end":{"line":261,"column":null}},"105":{"start":{"line":262,"column":8},"end":{"line":262,"column":null}},"106":{"start":{"line":268,"column":22},"end":{"line":268,"column":null}},"107":{"start":{"line":270,"column":37},"end":{"line":270,"column":null}},"108":{"start":{"line":271,"column":26},"end":{"line":271,"column":null}},"109":{"start":{"line":272,"column":20},"end":{"line":272,"column":null}},"110":{"start":{"line":273,"column":16},"end":{"line":273,"column":null}},"111":{"start":{"line":274,"column":22},"end":{"line":274,"column":null}},"112":{"start":{"line":275,"column":20},"end":{"line":275,"column":null}},"113":{"start":{"line":276,"column":20},"end":{"line":276,"column":null}},"114":{"start":{"line":278,"column":4},"end":{"line":285,"column":null}},"115":{"start":{"line":279,"column":6},"end":{"line":282,"column":null}},"116":{"start":{"line":283,"column":6},"end":{"line":283,"column":null}},"117":{"start":{"line":284,"column":6},"end":{"line":284,"column":null}},"118":{"start":{"line":289,"column":22},"end":{"line":289,"column":null}},"119":{"start":{"line":290,"column":4},"end":{"line":292,"column":null}},"120":{"start":{"line":291,"column":6},"end":{"line":291,"column":null}},"121":{"start":{"line":293,"column":21},"end":{"line":295,"column":null}},"122":{"start":{"line":297,"column":4},"end":{"line":299,"column":null}},"123":{"start":{"line":298,"column":6},"end":{"line":298,"column":null}},"124":{"start":{"line":302,"column":34},"end":{"line":302,"column":null}},"125":{"start":{"line":303,"column":4},"end":{"line":305,"column":null}},"126":{"start":{"line":304,"column":6},"end":{"line":304,"column":null}},"127":{"start":{"line":310,"column":23},"end":{"line":312,"column":null}},"128":{"start":{"line":316,"column":28},"end":{"line":316,"column":null}},"129":{"start":{"line":318,"column":4},"end":{"line":327,"column":null}},"130":{"start":{"line":319,"column":6},"end":{"line":326,"column":null}},"131":{"start":{"line":334,"column":33},"end":{"line":339,"column":null}},"132":{"start":{"line":341,"column":45},"end":{"line":341,"column":null}},"133":{"start":{"line":342,"column":4},"end":{"line":361,"column":null}},"134":{"start":{"line":347,"column":28},"end":{"line":347,"column":null}},"135":{"start":{"line":347,"column":63},"end":{"line":347,"column":85}},"136":{"start":{"line":348,"column":6},"end":{"line":351,"column":null}},"137":{"start":{"line":349,"column":8},"end":{"line":349,"column":null}},"138":{"start":{"line":350,"column":8},"end":{"line":350,"column":null}},"139":{"start":{"line":350,"column":40},"end":{"line":350,"column":65}},"140":{"start":{"line":353,"column":26},"end":{"line":353,"column":null}},"141":{"start":{"line":353,"column":45},"end":{"line":353,"column":51}},"142":{"start":{"line":354,"column":6},"end":{"line":354,"column":null}},"143":{"start":{"line":354,"column":28},"end":{"line":354,"column":null}},"144":{"start":{"line":357,"column":6},"end":{"line":359,"column":null}},"145":{"start":{"line":360,"column":6},"end":{"line":360,"column":null}},"146":{"start":{"line":364,"column":23},"end":{"line":364,"column":null}},"147":{"start":{"line":369,"column":22},"end":{"line":369,"column":null}},"148":{"start":{"line":370,"column":16},"end":{"line":370,"column":null}},"149":{"start":{"line":371,"column":22},"end":{"line":371,"column":null}},"150":{"start":{"line":372,"column":21},"end":{"line":372,"column":null}},"151":{"start":{"line":375,"column":4},"end":{"line":375,"column":null}},"152":{"start":{"line":381,"column":29},"end":{"line":381,"column":null}},"153":{"start":{"line":382,"column":29},"end":{"line":382,"column":null}},"154":{"start":{"line":385,"column":31},"end":{"line":385,"column":null}},"155":{"start":{"line":386,"column":4},"end":{"line":393,"column":null}},"156":{"start":{"line":387,"column":31},"end":{"line":387,"column":null}},"157":{"start":{"line":388,"column":16},"end":{"line":388,"column":null}},"158":{"start":{"line":389,"column":6},"end":{"line":392,"column":null}},"159":{"start":{"line":390,"column":8},"end":{"line":390,"column":null}},"160":{"start":{"line":391,"column":8},"end":{"line":391,"column":null}},"161":{"start":{"line":397,"column":55},"end":{"line":397,"column":null}},"162":{"start":{"line":398,"column":4},"end":{"line":429,"column":null}},"163":{"start":{"line":399,"column":6},"end":{"line":417,"column":null}},"164":{"start":{"line":400,"column":34},"end":{"line":400,"column":null}},"165":{"start":{"line":401,"column":24},"end":{"line":404,"column":null}},"166":{"start":{"line":403,"column":44},"end":{"line":403,"column":97}},"167":{"start":{"line":403,"column":61},"end":{"line":403,"column":91}},"168":{"start":{"line":404,"column":23},"end":{"line":404,"column":25}},"169":{"start":{"line":405,"column":23},"end":{"line":405,"column":null}},"170":{"start":{"line":406,"column":8},"end":{"line":416,"column":null}},"171":{"start":{"line":407,"column":10},"end":{"line":407,"column":null}},"172":{"start":{"line":408,"column":10},"end":{"line":408,"column":null}},"173":{"start":{"line":412,"column":10},"end":{"line":415,"column":null}},"174":{"start":{"line":413,"column":25},"end":{"line":413,"column":43}},"175":{"start":{"line":415,"column":23},"end":{"line":415,"column":70}},"176":{"start":{"line":421,"column":6},"end":{"line":425,"column":null}},"177":{"start":{"line":422,"column":8},"end":{"line":422,"column":null}},"178":{"start":{"line":423,"column":32},"end":{"line":423,"column":null}},"179":{"start":{"line":424,"column":8},"end":{"line":424,"column":null}},"180":{"start":{"line":426,"column":11},"end":{"line":429,"column":null}},"181":{"start":{"line":428,"column":6},"end":{"line":428,"column":null}},"182":{"start":{"line":432,"column":4},"end":{"line":432,"column":null}},"183":{"start":{"line":433,"column":4},"end":{"line":433,"column":null}},"184":{"start":{"line":434,"column":4},"end":{"line":434,"column":null}},"185":{"start":{"line":435,"column":4},"end":{"line":435,"column":null}},"186":{"start":{"line":436,"column":4},"end":{"line":436,"column":null}},"187":{"start":{"line":437,"column":4},"end":{"line":437,"column":null}},"188":{"start":{"line":440,"column":19},"end":{"line":440,"column":null}},"189":{"start":{"line":441,"column":4},"end":{"line":444,"column":null}},"190":{"start":{"line":442,"column":6},"end":{"line":442,"column":null}},"191":{"start":{"line":443,"column":6},"end":{"line":443,"column":null}},"192":{"start":{"line":447,"column":21},"end":{"line":447,"column":null}},"193":{"start":{"line":448,"column":4},"end":{"line":448,"column":null}},"194":{"start":{"line":448,"column":28},"end":{"line":448,"column":46}},"195":{"start":{"line":450,"column":4},"end":{"line":450,"column":null}},"196":{"start":{"line":463,"column":32},"end":{"line":463,"column":null}},"197":{"start":{"line":464,"column":4},"end":{"line":476,"column":null}},"198":{"start":{"line":465,"column":6},"end":{"line":475,"column":null}},"199":{"start":{"line":466,"column":38},"end":{"line":466,"column":null}},"200":{"start":{"line":467,"column":23},"end":{"line":467,"column":null}},"201":{"start":{"line":467,"column":53},"end":{"line":467,"column":113}},"202":{"start":{"line":468,"column":28},"end":{"line":473,"column":null}},"203":{"start":{"line":469,"column":10},"end":{"line":469,"column":null}},"204":{"start":{"line":469,"column":35},"end":{"line":469,"column":null}},"205":{"start":{"line":470,"column":10},"end":{"line":470,"column":null}},"206":{"start":{"line":471,"column":10},"end":{"line":471,"column":null}},"207":{"start":{"line":472,"column":10},"end":{"line":472,"column":null}},"208":{"start":{"line":474,"column":8},"end":{"line":474,"column":null}},"209":{"start":{"line":474,"column":21},"end":{"line":474,"column":null}},"210":{"start":{"line":486,"column":4},"end":{"line":505,"column":null}},"211":{"start":{"line":487,"column":20},"end":{"line":487,"column":null}},"212":{"start":{"line":488,"column":21},"end":{"line":488,"column":null}},"213":{"start":{"line":489,"column":27},"end":{"line":491,"column":null}},"214":{"start":{"line":490,"column":20},"end":{"line":490,"column":91}},"215":{"start":{"line":492,"column":22},"end":{"line":495,"column":null}},"216":{"start":{"line":495,"column":20},"end":{"line":495,"column":22}},"217":{"start":{"line":496,"column":6},"end":{"line":499,"column":null}},"218":{"start":{"line":498,"column":30},"end":{"line":498,"column":91}},"219":{"start":{"line":501,"column":6},"end":{"line":504,"column":null}},"220":{"start":{"line":501,"column":44},"end":{"line":504,"column":8}},"221":{"start":{"line":511,"column":24},"end":{"line":511,"column":null}},"222":{"start":{"line":516,"column":4},"end":{"line":516,"column":null}},"223":{"start":{"line":518,"column":23},"end":{"line":518,"column":null}},"224":{"start":{"line":519,"column":23},"end":{"line":519,"column":null}},"225":{"start":{"line":523,"column":22},"end":{"line":525,"column":null}},"226":{"start":{"line":524,"column":6},"end":{"line":524,"column":null}},"227":{"start":{"line":524,"column":30},"end":{"line":524,"column":null}},"228":{"start":{"line":527,"column":4},"end":{"line":556,"column":null}},"229":{"start":{"line":528,"column":29},"end":{"line":536,"column":null}},"230":{"start":{"line":538,"column":6},"end":{"line":549,"column":null}},"231":{"start":{"line":539,"column":8},"end":{"line":539,"column":null}},"232":{"start":{"line":539,"column":24},"end":{"line":539,"column":null}},"233":{"start":{"line":540,"column":8},"end":{"line":547,"column":null}},"234":{"start":{"line":542,"column":10},"end":{"line":542,"column":null}},"235":{"start":{"line":543,"column":10},"end":{"line":543,"column":null}},"236":{"start":{"line":544,"column":15},"end":{"line":547,"column":null}},"237":{"start":{"line":546,"column":10},"end":{"line":546,"column":null}},"238":{"start":{"line":548,"column":8},"end":{"line":548,"column":null}},"239":{"start":{"line":551,"column":6},"end":{"line":551,"column":null}},"240":{"start":{"line":552,"column":6},"end":{"line":552,"column":null}},"241":{"start":{"line":553,"column":6},"end":{"line":553,"column":null}},"242":{"start":{"line":553,"column":23},"end":{"line":553,"column":null}},"243":{"start":{"line":555,"column":6},"end":{"line":555,"column":null}},"244":{"start":{"line":559,"column":4},"end":{"line":559,"column":null}},"245":{"start":{"line":559,"column":30},"end":{"line":559,"column":null}},"246":{"start":{"line":564,"column":4},"end":{"line":569,"column":null}},"247":{"start":{"line":565,"column":6},"end":{"line":568,"column":null}},"248":{"start":{"line":575,"column":4},"end":{"line":581,"column":null}},"249":{"start":{"line":576,"column":21},"end":{"line":576,"column":null}},"250":{"start":{"line":577,"column":20},"end":{"line":577,"column":null}},"251":{"start":{"line":578,"column":6},"end":{"line":578,"column":null}},"252":{"start":{"line":579,"column":6},"end":{"line":579,"column":null}},"253":{"start":{"line":580,"column":6},"end":{"line":580,"column":null}},"254":{"start":{"line":586,"column":4},"end":{"line":597,"column":null}},"255":{"start":{"line":587,"column":19},"end":{"line":587,"column":null}},"256":{"start":{"line":588,"column":20},"end":{"line":588,"column":null}},"257":{"start":{"line":588,"column":45},"end":{"line":588,"column":80}},"258":{"start":{"line":588,"column":66},"end":{"line":588,"column":80}},"259":{"start":{"line":588,"column":80},"end":{"line":588,"column":97}},"260":{"start":{"line":588,"column":97},"end":{"line":588,"column":109}},"261":{"start":{"line":589,"column":6},"end":{"line":596,"column":null}},"262":{"start":{"line":590,"column":22},"end":{"line":590,"column":null}},"263":{"start":{"line":590,"column":77},"end":{"line":590,"column":103}},"264":{"start":{"line":591,"column":8},"end":{"line":591,"column":null}},"265":{"start":{"line":592,"column":8},"end":{"line":595,"column":null}},"266":{"start":{"line":593,"column":10},"end":{"line":593,"column":null}},"267":{"start":{"line":594,"column":10},"end":{"line":594,"column":null}},"268":{"start":{"line":603,"column":4},"end":{"line":614,"column":null}},"269":{"start":{"line":604,"column":6},"end":{"line":607,"column":null}},"270":{"start":{"line":605,"column":62},"end":{"line":605,"column":89}},"271":{"start":{"line":606,"column":41},"end":{"line":606,"column":101}},"272":{"start":{"line":606,"column":58},"end":{"line":606,"column":96}},"273":{"start":{"line":610,"column":6},"end":{"line":613,"column":null}},"274":{"start":{"line":617,"column":4},"end":{"line":617,"column":null}},"275":{"start":{"line":618,"column":4},"end":{"line":618,"column":null}},"276":{"start":{"line":621,"column":4},"end":{"line":642,"column":null}},"277":{"start":{"line":624,"column":6},"end":{"line":626,"column":null}},"278":{"start":{"line":625,"column":8},"end":{"line":625,"column":null}},"279":{"start":{"line":627,"column":6},"end":{"line":634,"column":null}},"280":{"start":{"line":636,"column":6},"end":{"line":639,"column":null}},"281":{"start":{"line":641,"column":6},"end":{"line":641,"column":null}},"282":{"start":{"line":645,"column":16},"end":{"line":645,"column":null}},"283":{"start":{"line":646,"column":4},"end":{"line":646,"column":null}},"284":{"start":{"line":647,"column":4},"end":{"line":653,"column":null}},"285":{"start":{"line":648,"column":12},"end":{"line":648,"column":null}},"286":{"start":{"line":649,"column":6},"end":{"line":649,"column":null}},"287":{"start":{"line":651,"column":6},"end":{"line":651,"column":null}},"288":{"start":{"line":652,"column":6},"end":{"line":652,"column":null}},"289":{"start":{"line":661,"column":32},"end":{"line":681,"column":null}},"290":{"start":{"line":662,"column":17},"end":{"line":662,"column":null}},"291":{"start":{"line":663,"column":16},"end":{"line":663,"column":null}},"292":{"start":{"line":664,"column":17},"end":{"line":664,"column":null}},"293":{"start":{"line":665,"column":2},"end":{"line":680,"column":null}},"294":{"start":{"line":666,"column":26},"end":{"line":671,"column":null}},"295":{"start":{"line":672,"column":20},"end":{"line":672,"column":null}},"296":{"start":{"line":673,"column":17},"end":{"line":673,"column":null}},"297":{"start":{"line":674,"column":23},"end":{"line":674,"column":null}},"298":{"start":{"line":676,"column":4},"end":{"line":676,"column":null}},"299":{"start":{"line":676,"column":37},"end":{"line":676,"column":null}},"300":{"start":{"line":677,"column":4},"end":{"line":677,"column":null}},"301":{"start":{"line":679,"column":4},"end":{"line":679,"column":null}},"302":{"start":{"line":683,"column":34},"end":{"line":701,"column":null}},"303":{"start":{"line":684,"column":17},"end":{"line":684,"column":null}},"304":{"start":{"line":685,"column":17},"end":{"line":685,"column":null}},"305":{"start":{"line":686,"column":28},"end":{"line":686,"column":null}},"306":{"start":{"line":689,"column":56},"end":{"line":689,"column":null}},"307":{"start":{"line":690,"column":2},"end":{"line":690,"column":null}},"308":{"start":{"line":690,"column":49},"end":{"line":690,"column":null}},"309":{"start":{"line":691,"column":2},"end":{"line":691,"column":null}},"310":{"start":{"line":691,"column":35},"end":{"line":691,"column":null}},"311":{"start":{"line":692,"column":2},"end":{"line":692,"column":null}},"312":{"start":{"line":692,"column":38},"end":{"line":692,"column":null}},"313":{"start":{"line":694,"column":2},"end":{"line":700,"column":null}},"314":{"start":{"line":695,"column":19},"end":{"line":695,"column":null}},"315":{"start":{"line":696,"column":4},"end":{"line":696,"column":null}},"316":{"start":{"line":696,"column":28},"end":{"line":696,"column":null}},"317":{"start":{"line":697,"column":4},"end":{"line":697,"column":null}},"318":{"start":{"line":699,"column":4},"end":{"line":699,"column":null}},"319":{"start":{"line":703,"column":31},"end":{"line":716,"column":null}},"320":{"start":{"line":704,"column":17},"end":{"line":704,"column":null}},"321":{"start":{"line":705,"column":17},"end":{"line":705,"column":null}},"322":{"start":{"line":706,"column":2},"end":{"line":715,"column":null}},"323":{"start":{"line":707,"column":25},"end":{"line":710,"column":null}},"324":{"start":{"line":711,"column":4},"end":{"line":711,"column":null}},"325":{"start":{"line":711,"column":23},"end":{"line":711,"column":null}},"326":{"start":{"line":712,"column":4},"end":{"line":712,"column":null}},"327":{"start":{"line":714,"column":4},"end":{"line":714,"column":null}},"328":{"start":{"line":718,"column":34},"end":{"line":727,"column":null}},"329":{"start":{"line":719,"column":17},"end":{"line":719,"column":null}},"330":{"start":{"line":720,"column":17},"end":{"line":720,"column":null}},"331":{"start":{"line":721,"column":2},"end":{"line":726,"column":null}},"332":{"start":{"line":722,"column":4},"end":{"line":722,"column":null}},"333":{"start":{"line":723,"column":4},"end":{"line":723,"column":null}},"334":{"start":{"line":725,"column":4},"end":{"line":725,"column":null}},"335":{"start":{"line":735,"column":27},"end":{"line":782,"column":null}},"336":{"start":{"line":736,"column":17},"end":{"line":736,"column":null}},"337":{"start":{"line":737,"column":45},"end":{"line":737,"column":null}},"338":{"start":{"line":739,"column":2},"end":{"line":741,"column":null}},"339":{"start":{"line":740,"column":4},"end":{"line":740,"column":null}},"340":{"start":{"line":743,"column":2},"end":{"line":781,"column":null}},"341":{"start":{"line":744,"column":23},"end":{"line":746,"column":null}},"342":{"start":{"line":748,"column":18},"end":{"line":748,"column":null}},"343":{"start":{"line":749,"column":4},"end":{"line":759,"column":null}},"344":{"start":{"line":750,"column":6},"end":{"line":757,"column":null}},"345":{"start":{"line":758,"column":6},"end":{"line":758,"column":null}},"346":{"start":{"line":762,"column":4},"end":{"line":766,"column":null}},"347":{"start":{"line":763,"column":6},"end":{"line":765,"column":null}},"348":{"start":{"line":769,"column":4},"end":{"line":771,"column":null}},"349":{"start":{"line":773,"column":4},"end":{"line":776,"column":null}},"350":{"start":{"line":778,"column":4},"end":{"line":778,"column":null}},"351":{"start":{"line":780,"column":4},"end":{"line":780,"column":null}}},"fnMap":{"0":{"name":"injectModelInstructions","decl":{"start":{"line":14,"column":9},"end":{"line":14,"column":33}},"loc":{"start":{"line":14,"column":97},"end":{"line":93,"column":null}},"line":14},"1":{"name":"needsTools","decl":{"start":{"line":108,"column":9},"end":{"line":108,"column":20}},"loc":{"start":{"line":108,"column":46},"end":{"line":117,"column":null}},"line":108},"2":{"name":"needsWebSearch","decl":{"start":{"line":123,"column":9},"end":{"line":123,"column":24}},"loc":{"start":{"line":123,"column":50},"end":{"line":135,"column":null}},"line":123},"3":{"name":"buildWebContext","decl":{"start":{"line":137,"column":9},"end":{"line":137,"column":25}},"loc":{"start":{"line":137,"column":93},"end":{"line":145,"column":null}},"line":137},"4":{"name":"(anonymous_4)","decl":{"start":{"line":139,"column":36},"end":{"line":139,"column":41}},"loc":{"start":{"line":139,"column":50},"end":{"line":143,"column":3}},"line":139},"5":{"name":"(anonymous_5)","decl":{"start":{"line":140,"column":10},"end":{"line":140,"column":26}},"loc":{"start":{"line":140,"column":26},"end":{"line":140,"column":113}},"line":140},"6":{"name":"cleanFallbackTitle","decl":{"start":{"line":156,"column":16},"end":{"line":156,"column":35}},"loc":{"start":{"line":156,"column":60},"end":{"line":158,"column":null}},"line":156},"7":{"name":"generateSmartTitle","decl":{"start":{"line":160,"column":22},"end":{"line":160,"column":41}},"loc":{"start":{"line":160,"column":103},"end":{"line":180,"column":null}},"line":160},"8":{"name":"runPostChatHooks","decl":{"start":{"line":185,"column":15},"end":{"line":185,"column":null}},"loc":{"start":{"line":190,"column":17},"end":{"line":206,"column":null}},"line":190},"9":{"name":"(anonymous_9)","decl":{"start":{"line":192,"column":55},"end":{"line":192,"column":60}},"loc":{"start":{"line":192,"column":62},"end":{"line":192,"column":null}},"line":192},"10":{"name":"(anonymous_10)","decl":{"start":{"line":193,"column":57},"end":{"line":193,"column":62}},"loc":{"start":{"line":193,"column":64},"end":{"line":193,"column":null}},"line":193},"11":{"name":"(anonymous_11)","decl":{"start":{"line":194,"column":53},"end":{"line":194,"column":null}},"loc":{"start":{"line":195,"column":8},"end":{"line":195,"column":null}},"line":195},"12":{"name":"(anonymous_12)","decl":{"start":{"line":198,"column":48},"end":{"line":198,"column":53}},"loc":{"start":{"line":198,"column":55},"end":{"line":201,"column":6}},"line":198},"13":{"name":"detectImageRequest","decl":{"start":{"line":215,"column":9},"end":{"line":215,"column":28}},"loc":{"start":{"line":215,"column":60},"end":{"line":232,"column":null}},"line":215},"14":{"name":"(anonymous_14)","decl":{"start":{"line":234,"column":27},"end":{"line":234,"column":34}},"loc":{"start":{"line":234,"column":66},"end":{"line":655,"column":null}},"line":234},"15":{"name":"(anonymous_15)","decl":{"start":{"line":347,"column":51},"end":{"line":347,"column":57}},"loc":{"start":{"line":347,"column":63},"end":{"line":347,"column":85}},"line":347},"16":{"name":"(anonymous_16)","decl":{"start":{"line":350,"column":26},"end":{"line":350,"column":34}},"loc":{"start":{"line":350,"column":40},"end":{"line":350,"column":65}},"line":350},"17":{"name":"(anonymous_17)","decl":{"start":{"line":353,"column":34},"end":{"line":353,"column":39}},"loc":{"start":{"line":353,"column":45},"end":{"line":353,"column":51}},"line":353},"18":{"name":"(anonymous_18)","decl":{"start":{"line":403,"column":14},"end":{"line":403,"column":30}},"loc":{"start":{"line":403,"column":44},"end":{"line":403,"column":97}},"line":403},"19":{"name":"(anonymous_19)","decl":{"start":{"line":403,"column":44},"end":{"line":403,"column":61}},"loc":{"start":{"line":403,"column":61},"end":{"line":403,"column":91}},"line":403},"20":{"name":"(anonymous_20)","decl":{"start":{"line":404,"column":11},"end":{"line":404,"column":23}},"loc":{"start":{"line":404,"column":23},"end":{"line":404,"column":25}},"line":404},"21":{"name":"(anonymous_21)","decl":{"start":{"line":413,"column":13},"end":{"line":413,"column":20}},"loc":{"start":{"line":413,"column":25},"end":{"line":413,"column":43}},"line":413},"22":{"name":"(anonymous_22)","decl":{"start":{"line":415,"column":13},"end":{"line":415,"column":17}},"loc":{"start":{"line":415,"column":23},"end":{"line":415,"column":70}},"line":415},"23":{"name":"(anonymous_23)","decl":{"start":{"line":448,"column":11},"end":{"line":448,"column":26}},"loc":{"start":{"line":448,"column":26},"end":{"line":448,"column":47}},"line":448},"24":{"name":"(anonymous_24)","decl":{"start":{"line":467,"column":41},"end":{"line":467,"column":46}},"loc":{"start":{"line":467,"column":53},"end":{"line":467,"column":113}},"line":467},"25":{"name":"(anonymous_25)","decl":{"start":{"line":468,"column":69},"end":{"line":468,"column":78}},"loc":{"start":{"line":468,"column":87},"end":{"line":473,"column":9}},"line":468},"26":{"name":"(anonymous_26)","decl":{"start":{"line":490,"column":9},"end":{"line":490,"column":14}},"loc":{"start":{"line":490,"column":20},"end":{"line":490,"column":91}},"line":490},"27":{"name":"(anonymous_27)","decl":{"start":{"line":495,"column":8},"end":{"line":495,"column":20}},"loc":{"start":{"line":495,"column":20},"end":{"line":495,"column":22}},"line":495},"28":{"name":"(anonymous_28)","decl":{"start":{"line":498,"column":18},"end":{"line":498,"column":23}},"loc":{"start":{"line":498,"column":30},"end":{"line":498,"column":91}},"line":498},"29":{"name":"(anonymous_29)","decl":{"start":{"line":501,"column":32},"end":{"line":501,"column":37}},"loc":{"start":{"line":501,"column":44},"end":{"line":504,"column":8}},"line":501},"30":{"name":"(anonymous_30)","decl":{"start":{"line":523,"column":22},"end":{"line":523,"column":40}},"loc":{"start":{"line":523,"column":40},"end":{"line":525,"column":7}},"line":523},"31":{"name":"(anonymous_31)","decl":{"start":{"line":568,"column":8},"end":{"line":568,"column":20}},"loc":{"start":{"line":568,"column":20},"end":{"line":568,"column":22}},"line":568},"32":{"name":"(anonymous_32)","decl":{"start":{"line":588,"column":31},"end":{"line":588,"column":38}},"loc":{"start":{"line":588,"column":43},"end":{"line":588,"column":110}},"line":588},"33":{"name":"(anonymous_33)","decl":{"start":{"line":590,"column":68},"end":{"line":590,"column":72}},"loc":{"start":{"line":590,"column":77},"end":{"line":590,"column":103}},"line":590},"34":{"name":"(anonymous_34)","decl":{"start":{"line":605,"column":50},"end":{"line":605,"column":62}},"loc":{"start":{"line":605,"column":62},"end":{"line":605,"column":89}},"line":605},"35":{"name":"(anonymous_35)","decl":{"start":{"line":606,"column":12},"end":{"line":606,"column":29}},"loc":{"start":{"line":606,"column":41},"end":{"line":606,"column":101}},"line":606},"36":{"name":"(anonymous_36)","decl":{"start":{"line":606,"column":41},"end":{"line":606,"column":58}},"loc":{"start":{"line":606,"column":58},"end":{"line":606,"column":96}},"line":606},"37":{"name":"(anonymous_37)","decl":{"start":{"line":613,"column":9},"end":{"line":613,"column":21}},"loc":{"start":{"line":613,"column":21},"end":{"line":613,"column":23}},"line":613},"38":{"name":"(anonymous_38)","decl":{"start":{"line":625,"column":76},"end":{"line":625,"column":88}},"loc":{"start":{"line":625,"column":88},"end":{"line":625,"column":90}},"line":625},"39":{"name":"(anonymous_39)","decl":{"start":{"line":639,"column":9},"end":{"line":639,"column":21}},"loc":{"start":{"line":639,"column":21},"end":{"line":639,"column":23}},"line":639},"40":{"name":"(anonymous_40)","decl":{"start":{"line":661,"column":32},"end":{"line":661,"column":39}},"loc":{"start":{"line":661,"column":71},"end":{"line":681,"column":null}},"line":661},"41":{"name":"(anonymous_41)","decl":{"start":{"line":683,"column":34},"end":{"line":683,"column":41}},"loc":{"start":{"line":683,"column":73},"end":{"line":701,"column":null}},"line":683},"42":{"name":"(anonymous_42)","decl":{"start":{"line":703,"column":31},"end":{"line":703,"column":38}},"loc":{"start":{"line":703,"column":70},"end":{"line":716,"column":null}},"line":703},"43":{"name":"(anonymous_43)","decl":{"start":{"line":718,"column":34},"end":{"line":718,"column":41}},"loc":{"start":{"line":718,"column":73},"end":{"line":727,"column":null}},"line":718},"44":{"name":"(anonymous_44)","decl":{"start":{"line":735,"column":27},"end":{"line":735,"column":34}},"loc":{"start":{"line":735,"column":66},"end":{"line":782,"column":null}},"line":735},"45":{"name":"(anonymous_45)","decl":{"start":{"line":776,"column":7},"end":{"line":776,"column":19}},"loc":{"start":{"line":776,"column":19},"end":{"line":776,"column":21}},"line":776}},"branchMap":{"0":{"loc":{"start":{"line":18,"column":2},"end":{"line":42,"column":null}},"type":"if","locations":[{"start":{"line":18,"column":2},"end":{"line":42,"column":null}},{"start":{},"end":{}}],"line":18},"1":{"loc":{"start":{"line":44,"column":2},"end":{"line":55,"column":null}},"type":"if","locations":[{"start":{"line":44,"column":2},"end":{"line":55,"column":null}},{"start":{},"end":{}}],"line":44},"2":{"loc":{"start":{"line":57,"column":2},"end":{"line":67,"column":null}},"type":"if","locations":[{"start":{"line":57,"column":2},"end":{"line":67,"column":null}},{"start":{},"end":{}}],"line":57},"3":{"loc":{"start":{"line":57,"column":6},"end":{"line":57,"column":100}},"type":"binary-expr","locations":[{"start":{"line":57,"column":6},"end":{"line":57,"column":37}},{"start":{"line":57,"column":37},"end":{"line":57,"column":68}},{"start":{"line":57,"column":68},"end":{"line":57,"column":100}}],"line":57},"4":{"loc":{"start":{"line":69,"column":2},"end":{"line":86,"column":null}},"type":"if","locations":[{"start":{"line":69,"column":2},"end":{"line":86,"column":null}},{"start":{},"end":{}}],"line":69},"5":{"loc":{"start":{"line":74,"column":22},"end":{"line":74,"column":null}},"type":"binary-expr","locations":[{"start":{"line":74,"column":22},"end":{"line":74,"column":34}},{"start":{"line":74,"column":34},"end":{"line":74,"column":null}}],"line":74},"6":{"loc":{"start":{"line":75,"column":4},"end":{"line":85,"column":null}},"type":"if","locations":[{"start":{"line":75,"column":4},"end":{"line":85,"column":null}},{"start":{},"end":{}}],"line":75},"7":{"loc":{"start":{"line":88,"column":2},"end":{"line":90,"column":null}},"type":"if","locations":[{"start":{"line":88,"column":2},"end":{"line":90,"column":null}},{"start":{},"end":{}}],"line":88},"8":{"loc":{"start":{"line":111,"column":2},"end":{"line":111,"column":null}},"type":"if","locations":[{"start":{"line":111,"column":2},"end":{"line":111,"column":null}},{"start":{},"end":{}}],"line":111},"9":{"loc":{"start":{"line":113,"column":2},"end":{"line":113,"column":null}},"type":"if","locations":[{"start":{"line":113,"column":2},"end":{"line":113,"column":null}},{"start":{},"end":{}}],"line":113},"10":{"loc":{"start":{"line":113,"column":6},"end":{"line":113,"column":88}},"type":"binary-expr","locations":[{"start":{"line":113,"column":6},"end":{"line":113,"column":72}},{"start":{"line":113,"column":72},"end":{"line":113,"column":88}}],"line":113},"11":{"loc":{"start":{"line":115,"column":2},"end":{"line":115,"column":null}},"type":"if","locations":[{"start":{"line":115,"column":2},"end":{"line":115,"column":null}},{"start":{},"end":{}}],"line":115},"12":{"loc":{"start":{"line":125,"column":2},"end":{"line":125,"column":null}},"type":"if","locations":[{"start":{"line":125,"column":2},"end":{"line":125,"column":null}},{"start":{},"end":{}}],"line":125},"13":{"loc":{"start":{"line":126,"column":2},"end":{"line":126,"column":null}},"type":"if","locations":[{"start":{"line":126,"column":2},"end":{"line":126,"column":null}},{"start":{},"end":{}}],"line":126},"14":{"loc":{"start":{"line":127,"column":2},"end":{"line":127,"column":null}},"type":"if","locations":[{"start":{"line":127,"column":2},"end":{"line":127,"column":null}},{"start":{},"end":{}}],"line":127},"15":{"loc":{"start":{"line":128,"column":2},"end":{"line":128,"column":null}},"type":"if","locations":[{"start":{"line":128,"column":2},"end":{"line":128,"column":null}},{"start":{},"end":{}}],"line":128},"16":{"loc":{"start":{"line":129,"column":2},"end":{"line":129,"column":null}},"type":"if","locations":[{"start":{"line":129,"column":2},"end":{"line":129,"column":null}},{"start":{},"end":{}}],"line":129},"17":{"loc":{"start":{"line":130,"column":2},"end":{"line":130,"column":null}},"type":"if","locations":[{"start":{"line":130,"column":2},"end":{"line":130,"column":null}},{"start":{},"end":{}}],"line":130},"18":{"loc":{"start":{"line":131,"column":2},"end":{"line":131,"column":null}},"type":"if","locations":[{"start":{"line":131,"column":2},"end":{"line":131,"column":null}},{"start":{},"end":{}}],"line":131},"19":{"loc":{"start":{"line":131,"column":6},"end":{"line":131,"column":162}},"type":"binary-expr","locations":[{"start":{"line":131,"column":6},"end":{"line":131,"column":122}},{"start":{"line":131,"column":122},"end":{"line":131,"column":162}}],"line":131},"20":{"loc":{"start":{"line":132,"column":2},"end":{"line":132,"column":null}},"type":"if","locations":[{"start":{"line":132,"column":2},"end":{"line":132,"column":null}},{"start":{},"end":{}}],"line":132},"21":{"loc":{"start":{"line":133,"column":2},"end":{"line":133,"column":null}},"type":"if","locations":[{"start":{"line":133,"column":2},"end":{"line":133,"column":null}},{"start":{},"end":{}}],"line":133},"22":{"loc":{"start":{"line":133,"column":6},"end":{"line":133,"column":135}},"type":"binary-expr","locations":[{"start":{"line":133,"column":6},"end":{"line":133,"column":90}},{"start":{"line":133,"column":90},"end":{"line":133,"column":135}}],"line":133},"23":{"loc":{"start":{"line":138,"column":2},"end":{"line":138,"column":null}},"type":"if","locations":[{"start":{"line":138,"column":2},"end":{"line":138,"column":null}},{"start":{},"end":{}}],"line":138},"24":{"loc":{"start":{"line":141,"column":21},"end":{"line":141,"column":38}},"type":"binary-expr","locations":[{"start":{"line":141,"column":21},"end":{"line":141,"column":34}},{"start":{"line":141,"column":34},"end":{"line":141,"column":38}}],"line":141},"25":{"loc":{"start":{"line":157,"column":9},"end":{"line":157,"column":null}},"type":"binary-expr","locations":[{"start":{"line":157,"column":9},"end":{"line":157,"column":61}},{"start":{"line":157,"column":61},"end":{"line":157,"column":null}}],"line":157},"26":{"loc":{"start":{"line":168,"column":19},"end":{"line":168,"column":null}},"type":"binary-expr","locations":[{"start":{"line":168,"column":19},"end":{"line":168,"column":26}},{"start":{"line":168,"column":26},"end":{"line":168,"column":null}}],"line":168},"27":{"loc":{"start":{"line":173,"column":4},"end":{"line":173,"column":null}},"type":"if","locations":[{"start":{"line":173,"column":4},"end":{"line":173,"column":null}},{"start":{},"end":{}}],"line":173},"28":{"loc":{"start":{"line":204,"column":4},"end":{"line":204,"column":null}},"type":"if","locations":[{"start":{"line":204,"column":4},"end":{"line":204,"column":null}},{"start":{},"end":{}}],"line":204},"29":{"loc":{"start":{"line":204,"column":62},"end":{"line":204,"column":91}},"type":"binary-expr","locations":[{"start":{"line":204,"column":62},"end":{"line":204,"column":83}},{"start":{"line":204,"column":83},"end":{"line":204,"column":91}}],"line":204},"30":{"loc":{"start":{"line":217,"column":2},"end":{"line":217,"column":null}},"type":"if","locations":[{"start":{"line":217,"column":2},"end":{"line":217,"column":null}},{"start":{},"end":{}}],"line":217},"31":{"loc":{"start":{"line":219,"column":2},"end":{"line":219,"column":null}},"type":"if","locations":[{"start":{"line":219,"column":2},"end":{"line":219,"column":null}},{"start":{},"end":{}}],"line":219},"32":{"loc":{"start":{"line":225,"column":2},"end":{"line":225,"column":null}},"type":"if","locations":[{"start":{"line":225,"column":2},"end":{"line":225,"column":null}},{"start":{},"end":{}}],"line":225},"33":{"loc":{"start":{"line":229,"column":2},"end":{"line":229,"column":null}},"type":"if","locations":[{"start":{"line":229,"column":2},"end":{"line":229,"column":null}},{"start":{},"end":{}}],"line":229},"34":{"loc":{"start":{"line":238,"column":45},"end":{"line":238,"column":null}},"type":"cond-expr","locations":[{"start":{"line":238,"column":95},"end":{"line":238,"column":108}},{"start":{"line":238,"column":108},"end":{"line":238,"column":null}}],"line":238},"35":{"loc":{"start":{"line":238,"column":45},"end":{"line":238,"column":95}},"type":"binary-expr","locations":[{"start":{"line":238,"column":45},"end":{"line":238,"column":70}},{"start":{"line":238,"column":70},"end":{"line":238,"column":95}}],"line":238},"36":{"loc":{"start":{"line":240,"column":2},"end":{"line":240,"column":null}},"type":"if","locations":[{"start":{"line":240,"column":2},"end":{"line":240,"column":null}},{"start":{},"end":{}}],"line":240},"37":{"loc":{"start":{"line":241,"column":2},"end":{"line":241,"column":null}},"type":"if","locations":[{"start":{"line":241,"column":2},"end":{"line":241,"column":null}},{"start":{},"end":{}}],"line":241},"38":{"loc":{"start":{"line":245,"column":4},"end":{"line":245,"column":null}},"type":"if","locations":[{"start":{"line":245,"column":4},"end":{"line":245,"column":null}},{"start":{},"end":{}}],"line":245},"39":{"loc":{"start":{"line":252,"column":4},"end":{"line":264,"column":null}},"type":"if","locations":[{"start":{"line":252,"column":4},"end":{"line":264,"column":null}},{"start":{},"end":{}}],"line":252},"40":{"loc":{"start":{"line":252,"column":8},"end":{"line":252,"column":35}},"type":"binary-expr","locations":[{"start":{"line":252,"column":8},"end":{"line":252,"column":22}},{"start":{"line":252,"column":22},"end":{"line":252,"column":35}}],"line":252},"41":{"loc":{"start":{"line":254,"column":6},"end":{"line":263,"column":null}},"type":"if","locations":[{"start":{"line":254,"column":6},"end":{"line":263,"column":null}},{"start":{},"end":{}}],"line":254},"42":{"loc":{"start":{"line":272,"column":20},"end":{"line":272,"column":null}},"type":"binary-expr","locations":[{"start":{"line":272,"column":20},"end":{"line":272,"column":44}},{"start":{"line":272,"column":44},"end":{"line":272,"column":null}}],"line":272},"43":{"loc":{"start":{"line":274,"column":22},"end":{"line":274,"column":null}},"type":"cond-expr","locations":[{"start":{"line":274,"column":42},"end":{"line":274,"column":72}},{"start":{"line":274,"column":72},"end":{"line":274,"column":null}}],"line":274},"44":{"loc":{"start":{"line":276,"column":20},"end":{"line":276,"column":null}},"type":"cond-expr","locations":[{"start":{"line":276,"column":52},"end":{"line":276,"column":74}},{"start":{"line":276,"column":74},"end":{"line":276,"column":null}}],"line":276},"45":{"loc":{"start":{"line":278,"column":4},"end":{"line":285,"column":null}},"type":"if","locations":[{"start":{"line":278,"column":4},"end":{"line":285,"column":null}},{"start":{},"end":{}}],"line":278},"46":{"loc":{"start":{"line":289,"column":22},"end":{"line":289,"column":null}},"type":"cond-expr","locations":[{"start":{"line":289,"column":54},"end":{"line":289,"column":65}},{"start":{"line":289,"column":65},"end":{"line":289,"column":null}}],"line":289},"47":{"loc":{"start":{"line":290,"column":4},"end":{"line":292,"column":null}},"type":"if","locations":[{"start":{"line":290,"column":4},"end":{"line":292,"column":null}},{"start":{},"end":{}}],"line":290},"48":{"loc":{"start":{"line":297,"column":4},"end":{"line":299,"column":null}},"type":"if","locations":[{"start":{"line":297,"column":4},"end":{"line":299,"column":null}},{"start":{},"end":{}}],"line":297},"49":{"loc":{"start":{"line":303,"column":4},"end":{"line":305,"column":null}},"type":"if","locations":[{"start":{"line":303,"column":4},"end":{"line":305,"column":null}},{"start":{},"end":{}}],"line":303},"50":{"loc":{"start":{"line":310,"column":23},"end":{"line":312,"column":null}},"type":"cond-expr","locations":[{"start":{"line":311,"column":8},"end":{"line":311,"column":null}},{"start":{"line":312,"column":8},"end":{"line":312,"column":null}}],"line":310},"51":{"loc":{"start":{"line":318,"column":4},"end":{"line":327,"column":null}},"type":"if","locations":[{"start":{"line":318,"column":4},"end":{"line":327,"column":null}},{"start":{},"end":{}}],"line":318},"52":{"loc":{"start":{"line":342,"column":4},"end":{"line":361,"column":null}},"type":"if","locations":[{"start":{"line":342,"column":4},"end":{"line":361,"column":null}},{"start":{"line":355,"column":11},"end":{"line":361,"column":null}}],"line":342},"53":{"loc":{"start":{"line":348,"column":6},"end":{"line":351,"column":null}},"type":"if","locations":[{"start":{"line":348,"column":6},"end":{"line":351,"column":null}},{"start":{},"end":{}}],"line":348},"54":{"loc":{"start":{"line":349,"column":30},"end":{"line":349,"column":null}},"type":"binary-expr","locations":[{"start":{"line":349,"column":30},"end":{"line":349,"column":50}},{"start":{"line":349,"column":50},"end":{"line":349,"column":null}}],"line":349},"55":{"loc":{"start":{"line":354,"column":6},"end":{"line":354,"column":null}},"type":"if","locations":[{"start":{"line":354,"column":6},"end":{"line":354,"column":null}},{"start":{},"end":{}}],"line":354},"56":{"loc":{"start":{"line":369,"column":22},"end":{"line":369,"column":null}},"type":"binary-expr","locations":[{"start":{"line":369,"column":22},"end":{"line":369,"column":46}},{"start":{"line":369,"column":46},"end":{"line":369,"column":null}}],"line":369},"57":{"loc":{"start":{"line":381,"column":29},"end":{"line":381,"column":null}},"type":"binary-expr","locations":[{"start":{"line":381,"column":29},"end":{"line":381,"column":44}},{"start":{"line":381,"column":44},"end":{"line":381,"column":64}},{"start":{"line":381,"column":64},"end":{"line":381,"column":null}}],"line":381},"58":{"loc":{"start":{"line":386,"column":4},"end":{"line":393,"column":null}},"type":"if","locations":[{"start":{"line":386,"column":4},"end":{"line":393,"column":null}},{"start":{},"end":{}}],"line":386},"59":{"loc":{"start":{"line":389,"column":6},"end":{"line":392,"column":null}},"type":"if","locations":[{"start":{"line":389,"column":6},"end":{"line":392,"column":null}},{"start":{},"end":{}}],"line":389},"60":{"loc":{"start":{"line":398,"column":4},"end":{"line":429,"column":null}},"type":"if","locations":[{"start":{"line":398,"column":4},"end":{"line":429,"column":null}},{"start":{"line":426,"column":11},"end":{"line":429,"column":null}}],"line":398},"61":{"loc":{"start":{"line":402,"column":33},"end":{"line":402,"column":57}},"type":"cond-expr","locations":[{"start":{"line":402,"column":52},"end":{"line":402,"column":56}},{"start":{"line":402,"column":56},"end":{"line":402,"column":57}}],"line":402},"62":{"loc":{"start":{"line":406,"column":8},"end":{"line":416,"column":null}},"type":"if","locations":[{"start":{"line":406,"column":8},"end":{"line":416,"column":null}},{"start":{},"end":{}}],"line":406},"63":{"loc":{"start":{"line":413,"column":25},"end":{"line":413,"column":43}},"type":"binary-expr","locations":[{"start":{"line":413,"column":25},"end":{"line":413,"column":35}},{"start":{"line":413,"column":35},"end":{"line":413,"column":43}}],"line":413},"64":{"loc":{"start":{"line":421,"column":6},"end":{"line":425,"column":null}},"type":"if","locations":[{"start":{"line":421,"column":6},"end":{"line":425,"column":null}},{"start":{},"end":{}}],"line":421},"65":{"loc":{"start":{"line":426,"column":11},"end":{"line":429,"column":null}},"type":"if","locations":[{"start":{"line":426,"column":11},"end":{"line":429,"column":null}},{"start":{},"end":{}}],"line":426},"66":{"loc":{"start":{"line":441,"column":4},"end":{"line":444,"column":null}},"type":"if","locations":[{"start":{"line":441,"column":4},"end":{"line":444,"column":null}},{"start":{},"end":{}}],"line":441},"67":{"loc":{"start":{"line":464,"column":4},"end":{"line":476,"column":null}},"type":"if","locations":[{"start":{"line":464,"column":4},"end":{"line":476,"column":null}},{"start":{},"end":{}}],"line":464},"68":{"loc":{"start":{"line":464,"column":8},"end":{"line":464,"column":43}},"type":"binary-expr","locations":[{"start":{"line":464,"column":8},"end":{"line":464,"column":22}},{"start":{"line":464,"column":22},"end":{"line":464,"column":43}}],"line":464},"69":{"loc":{"start":{"line":469,"column":10},"end":{"line":469,"column":null}},"type":"if","locations":[{"start":{"line":469,"column":10},"end":{"line":469,"column":null}},{"start":{},"end":{}}],"line":469},"70":{"loc":{"start":{"line":469,"column":14},"end":{"line":469,"column":35}},"type":"binary-expr","locations":[{"start":{"line":469,"column":14},"end":{"line":469,"column":23}},{"start":{"line":469,"column":23},"end":{"line":469,"column":35}}],"line":469},"71":{"loc":{"start":{"line":474,"column":8},"end":{"line":474,"column":null}},"type":"if","locations":[{"start":{"line":474,"column":8},"end":{"line":474,"column":null}},{"start":{},"end":{}}],"line":474},"72":{"loc":{"start":{"line":486,"column":4},"end":{"line":505,"column":null}},"type":"if","locations":[{"start":{"line":486,"column":4},"end":{"line":505,"column":null}},{"start":{"line":500,"column":11},"end":{"line":505,"column":null}}],"line":486},"73":{"loc":{"start":{"line":490,"column":23},"end":{"line":490,"column":62}},"type":"cond-expr","locations":[{"start":{"line":490,"column":43},"end":{"line":490,"column":55}},{"start":{"line":490,"column":55},"end":{"line":490,"column":62}}],"line":490},"74":{"loc":{"start":{"line":497,"column":12},"end":{"line":497,"column":null}},"type":"cond-expr","locations":[{"start":{"line":497,"column":22},"end":{"line":497,"column":110}},{"start":{"line":497,"column":110},"end":{"line":497,"column":null}}],"line":497},"75":{"loc":{"start":{"line":511,"column":24},"end":{"line":511,"column":null}},"type":"cond-expr","locations":[{"start":{"line":511,"column":37},"end":{"line":511,"column":70}},{"start":{"line":511,"column":70},"end":{"line":511,"column":null}}],"line":511},"76":{"loc":{"start":{"line":516,"column":47},"end":{"line":516,"column":92}},"type":"cond-expr","locations":[{"start":{"line":516,"column":61},"end":{"line":516,"column":82}},{"start":{"line":516,"column":82},"end":{"line":516,"column":92}}],"line":516},"77":{"loc":{"start":{"line
[...]
type":"if","locations":[{"start":{"line":163,"column":2},"end":{"line":163,"column":null}},{"start":{},"end":{}}],"line":163},"41":{"loc":{"start":{"line":163,"column":6},"end":{"line":163,"column":45}},"type":"binary-expr","locations":[{"start":{"line":163,"column":6},"end":{"line":163,"column":16}},{"start":{"line":163,"column":16},"end":{"line":163,"column":45}}],"line":163},"42":{"loc":{"start":{"line":169,"column":2},"end":{"line":187,"column":null}},"type":"if","locations":[{"start":{"line":169,"column":2},"end":{"line":187,"column":null}},{"start":{},"end":{}}],"line":169},"43":{"loc":{"start":{"line":177,"column":6},"end":{"line":183,"column":null}},"type":"if","locations":[{"start":{"line":177,"column":6},"end":{"line":183,"column":null}},{"start":{},"end":{}}],"line":177},"44":{"loc":{"start":{"line":179,"column":17},"end":{"line":179,"column":null}},"type":"binary-expr","locations":[{"start":{"line":179,"column":17},"end":{"line":179,"column":28}},{"start":{"line":179,"column":28},"end":{"line":179,"column":null}}],"line":179},"45":{"loc":{"start":{"line":180,"column":15},"end":{"line":180,"column":null}},"type":"binary-expr","locations":[{"start":{"line":180,"column":15},"end":{"line":180,"column":24}},{"start":{"line":180,"column":24},"end":{"line":180,"column":null}}],"line":180},"46":{"loc":{"start":{"line":181,"column":20},"end":{"line":181,"column":35}},"type":"binary-expr","locations":[{"start":{"line":181,"column":20},"end":{"line":181,"column":33}},{"start":{"line":181,"column":33},"end":{"line":181,"column":35}}],"line":181},"47":{"loc":{"start":{"line":185,"column":57},"end":{"line":185,"column":97}},"type":"cond-expr","locations":[{"start":{"line":185,"column":80},"end":{"line":185,"column":94}},{"start":{"line":185,"column":94},"end":{"line":185,"column":97}}],"line":185},"48":{"loc":{"start":{"line":190,"column":2},"end":{"line":192,"column":null}},"type":"if","locations":[{"start":{"line":190,"column":2},"end":{"line":192,"column":null}},{"start":{},"end":{}}],"line":190},"49":{"loc":{"start":{"line":195,"column":2},"end":{"line":197,"column":null}},"type":"if","locations":[{"start":{"line":195,"column":2},"end":{"line":197,"column":null}},{"start":{},"end":{}}],"line":195},"50":{"loc":{"start":{"line":199,"column":2},"end":{"line":199,"column":null}},"type":"if","locations":[{"start":{"line":199,"column":2},"end":{"line":199,"column":null}},{"start":{},"end":{}}],"line":199},"51":{"loc":{"start":{"line":225,"column":30},"end":{"line":227,"column":null}},"type":"cond-expr","locations":[{"start":{"line":226,"column":9},"end":{"line":226,"column":null}},{"start":{"line":227,"column":8},"end":{"line":227,"column":null}}],"line":225},"52":{"loc":{"start":{"line":226,"column":65},"end":{"line":226,"column":100}},"type":"binary-expr","locations":[{"start":{"line":226,"column":65},"end":{"line":226,"column":90}},{"start":{"line":226,"column":90},"end":{"line":226,"column":100}}],"line":226},"53":{"loc":{"start":{"line":230,"column":11},"end":{"line":230,"column":null}},"type":"cond-expr","locations":[{"start":{"line":230,"column":32},"end":{"line":230,"column":41}},{"start":{"line":230,"column":41},"end":{"line":230,"column":null}}],"line":230}},"s":{"0":0,"1":0,"2":0,"3":0,"4":0,"5":0,"6":0,"7":0,"8":0,"9":1,"10":1,"11":0,"12":0,"13":0,"14":0,"15":0,"16":0,"17":0,"18":0,"19":0,"20":0,"21":0,"22":0,"23":0,"24":0,"25":0,"26":0,"27":0,"28":0,"29":0,"30":0,"31":0,"32":0,"33":0,"34":0,"35":0,"36":0,"37":0,"38":0,"39":0,"40":0,"41":0,"42":0,"43":0,"44":0,"45":0,"46":0,"47":0,"48":0,"49":0,"50":0,"51":0,"52":0,"53":0,"54":0,"55":0,"56":0,"57":0,"58":0,"59":0,"60":0,"61":0,"62":0,"63":0,"64":0,"65":0,"66":0,"67":0,"68":0,"69":0,"70":0,"71":0,"72":0,"73":0,"74":0,"75":0,"76":0,"77":0,"78":0,"79":0,"80":0,"81":0,"82":0,"83":0,"84":0,"85":0,"86":0,"87":0,"88":0,"89":0,"90":0,"91":0,"92":0,"93":0,"94":0,"95":0,"96":0,"97":0,"98":0,"99":0,"100":0,"101":0,"102":0,"103":0,"104":0,"105":0,"106":0,"107":0,"108":0,"109":0,"110":0,"111":2,"112":0,"113":0,"114":0,"115":0,"116":0,"117":0,"118":0,"119":0,"120":0,"121":0},"f":{"0":0,"1":0,"2":0,"3":0,"4":0,"5":0,"6":0,"7":0,"8":0,"9":0,"10":0,"11":2,"12":0,"13":0},"b":{"0":[0,0],"1":[0,0,0],"2":[0,0],"3":[0,0,0],"4":[0,0],"5":[0,0],"6":[0,0],"7":[0,0],"8":[0,0],"9":[0,0],"10":[0,0],"11":[0,0],"12":[0,0],"13":[0,0],"14":[0,0],"15":[0,0],"16":[0,0],"17":[0,0],"18":[0,0],"19":[0,0],"20":[0,0],"21":[0,0],"22":[0,0],"23":[0,0],"24":[0,0],"25":[0,0],"26":[0,0],"27":[0,0],"28":[0,0],"29":[0,0],"30":[0,0],"31":[0,0],"32":[0,0],"33":[0,0],"34":[0,0],"35":[0,0],"36":[0,0],"37":[0],"38":[0,0],"39":[0,0],"40":[0,0],"41":[0,0],"42":[0,0],"43":[0,0],"44":[0,0],"45":[0,0],"46":[0,0],"47":[0,0],"48":[0,0],"49":[0,0],"50":[0,0],"51":[0,0],"52":[0,0],"53":[0,0]},"meta":{"lastBranch":54,"lastFunction":14,"lastStatement":122,"seen":{"f:12:9:12:39":0,"s:13:14:13:Infinity":0,"b:14:2:14:Infinity:undefined:undefined:undefined:undefined":0,"s:14:2:14:Infinity":1,"b:14:6:14:13:14:13:14:40:14:40:14:52":1,"s:14:52:14:Infinity":2,"s:15:2:15:Infinity":3,"f:18:9:18:38":1,"s:19:14:19:Infinity":4,"b:20:2:20:Infinity:undefined:undefined:undefined:undefined":2,"s:20:2:20:Infinity":5,"b:20:6:20:13:20:13:20:40:20:40:20:52":3,"s:20:52:20:Infinity":6,"s:21:2:21:Infinity":7,"f:24:16:24:49":2,"s:25:2:25:Infinity":8,"s:29:20:29:Infinity":9,"s:30:18:30:Infinity":10,"f:33:9:33:19":3,"s:34:2:34:Infinity":11,"b:34:10:34:15:34:15:34:17":4,"f:55:15:55:27":4,"s:56:14:56:Infinity":12,"b:57:2:57:Infinity:undefined:undefined:undefined:undefined":5,"s:57:2:57:Infinity":13,"s:57:12:57:Infinity":14,"s:58:2:70:Infinity":15,"s:59:16:59:Infinity":16,"s:60:16:62:Infinity":17,"b:63:4:63:Infinity:undefined:undefined:undefined:undefined":6,"s:63:4:63:Infinity":18,"s:63:17:63:Infinity":19,"s:64:32:64:Infinity":20,"s:65:4:69:Infinity":21,"b:65:12:65:34:65:34:65:36":7,"f:65:59:65:64":5,"s:65:71:69:6":22,"b:66:20:66:31:66:31:66:33":8,"b:67:18:67:27:67:27:67:29":9,"b:68:22:68:39:68:39:68:41":10,"s:70:12:70:22":23,"f:74:15:74:26":6,"s:75:30:75:Infinity":24,"s:78:2:101:Infinity":25,"s:79:16:85:Infinity":26,"b:86:4:100:Infinity:undefined:undefined:undefined:undefined":11,"s:86:4:100:Infinity":27,"s:87:19:87:Infinity":28,"s:89:20:89:Infinity":29,"s:91:6:99:Infinity":30,"b:91:14:91:39:91:39:91:64":12,"s:92:18:92:Infinity":31,"s:93:19:93:Infinity":32,"b:94:8:94:Infinity:undefined:undefined:undefined:undefined":13,"s:94:8:94:Infinity":33,"s:94:18:94:67":34,"s:94:24:94:56":35,"b:95:8:95:Infinity:undefined:undefined:undefined:undefined":14,"s:95:8:95:Infinity":36,"s:95:37:95:Infinity":37,"s:96:22:96:Infinity":38,"s:97:24:97:Infinity":39,"b:98:8:98:Infinity:undefined:undefined:undefined:undefined":15,"s:98:8:98:Infinity":40,"s:98:19:98:Infinity":41,"b:104:2:128:Infinity:undefined:undefined:undefined:undefined":16,"s:104:2:128:Infinity":42,"s:105:4:127:Infinity":43,"s:106:18:108:Infinity":44,"b:109:6:126:Infinity:undefined:undefined:undefined:undefined":17,"s:109:6:126:Infinity":45,"s:110:21:110:Infinity":46,"s:111:23:111:Infinity":47,"s:112:23:112:Infinity":48,"s:113:35:113:Infinity":49,"s:115:8:115:Infinity":50,"s:115:41:115:Infinity":51,"s:116:50:116:Infinity":52,"s:117:8:125:Infinity":53,"b:117:16:117:43:117:43:117:68":18,"s:118:20:118:Infinity":54,"s:119:21:119:Infinity":55,"b:120:10:121:Infinity:121:15:121:Infinity":19,"s:120:10:121:Infinity":56,"s:120:20:120:69":57,"s:120:26:120:58":58,"b:121:15:121:Infinity:undefined:undefined:undefined:undefined":20,"s:121:15:121:Infinity":59,"s:121:41:121:Infinity":60,"s:122:24:122:Infinity":61,"b:123:10:123:Infinity:undefined:undefined:undefined:undefined":21,"s:123:10:123:Infinity":62,"b:123:14:123:23:123:23:123:47":22,"s:123:47:123:Infinity":63,"b:123:79:123:96:123:96:123:99":23,"s:124:10:124:Infinity":64,"b:130:2:130:Infinity:undefined:undefined:undefined:undefined":24,"s:130:2:130:Infinity":65,"s:130:18:130:Infinity":66,"s:133:2:141:Infinity":67,"s:134:16:134:Infinity":68,"s:135:42:135:Infinity":69,"b:136:4:136:Infinity:undefined:undefined:undefined:undefined":25,"s:136:4:136:Infinity":70,"s:136:27:136:Infinity":71,"b:136:45:136:61:136:61:136:68":26,"b:136:73:136:93:136:93:136:97":27,"s:137:4:140:Infinity":72,"b:137:21:137:43:137:43:137:48":28,"b:138:6:138:Infinity:undefined:undefined:undefined:undefined":29,"s:138:6:138:Infinity":73,"s:138:36:138:Infinity":74,"b:139:6:139:Infinity:undefined:undefined:undefined:undefined":30,"s:139:6:139:Infinity":75,"b:139:10:139:20:139:20:139:32":31,"s:139:32:139:Infinity":76,"b:142:2:142:Infinity:undefined:undefined:undefined:undefined":32,"s:142:2:142:Infinity":77,"s:142:18:142:Infinity":78,"s:145:2:151:Infinity":79,"s:146:18:146:Infinity":80,"s:147:44:147:Infinity":81,"s:148:4:150:Infinity":82,"b:148:21:148:46:148:46:148:51":33,"s:149:6:149:Infinity":83,"b:149:24:149:35:149:35:149:39":34,"b:149:105:149:116:149:116:149:118":35,"b:149:160:149:173:149:173:149:175":36,"s:152:2:152:Infinity":84,"f:156:22:156:32":7,"b:156:60:156:88":37,"s:157:12:157:Infinity":85,"b:157:19:157:28:157:28:157:30":38,"b:158:2:158:Infinity:undefined:undefined:undefined:undefined":39,"s:158:2:158:Infinity":86,"s:158:10:158:Infinity":87,"s:161:19:161:Infinity":88,"s:162:17:162:Infinity":89,"b:163:2:163:Infinity:undefined:undefined:undefined:undefined":40,"s:163:2:163:Infinity":90,"b:163:6:163:16:163:16:163:45":41,"s:163:45:163:Infinity":91,"s:165:20:165:Infinity":92,"s:166:32:166:Infinity":93,"b:169:2:187:Infinity:undefined:undefined:undefined:undefined":42,"s:169:2:187:Infinity":94,"s:170:4:186:Infinity":95,"s:171:18:175:Infinity":96,"s:176:35:176:Infinity":97,"b:177:6:183:Infinity:undefined:undefined:undefined:undefined":43,"s:177:6:183:Infinity":98,"s:178:8:182:Infinity":99,"f:178:31:178:36":8,"s:178:43:182:10":100,"b:179:17:179:28:179:28:179:Infinity":44,"b:180:15:180:24:180:24:180:Infinity":45,"b:181:20:181:33:181:33:181:35":46,"s:185:6:185:Infinity":101,"b:185:80:185:94:185:94:185:97":47,"b:190:2:192:Infinity:undefined:undefined:undefined:undefined":48,"s:190:2:192:Infinity":102,"s:191:4:191:Infinity":103,"f:191:47:191:59":9,"s:191:59:191:61":104,"b:195:2:197:Infinity:undefined:undefined:undefined:undefined":49,"s:195:2:197:Infinity":105,"s:196:4:196:Infinity":106,"f:196:46:196:58":10,"s:196:58:196:60":107,"b:199:2:199:Infinity:undefined:undefined:undefined:undefined":50,"s:199:2:199:Infinity":108,"s:199:22:199:Infinity":109,"s:200:2:200:Infinity":110,"f:204:16:204:32":11,"s:205:2:209:Infinity":111,"f:215:22:215:43":12,"s:216:2:233:Infinity":112,"s:217:25:217:Infinity":113,"s:218:25:218:Infinity":114,"s:219:19:219:Infinity":115,"s:224:19:224:Infinity":116,"s:225:30:227:Infinity":117,"b:226:9:226:Infinity:227:8:227:Infinity":51,"f:226:38:226:46":13,"s:226:65:226:100":118,"b:226:65:226:90:226:90:226:100":52,"s:229:19:229:Infinity":119,"s:230:4:230:Infinity":120,"b:230:32:230:41:230:41:230:Infinity":53,"s:232:4:232:Infinity":121},"fnNames":{}}}
,"C:\\Users\\hp\\Desktop\\daya-ia\\backend\\src\\services\\documents\\pdfRenderer.ts": {"path":"C:\\Users\\hp\\Desktop\\daya-ia\\backend\\src\\services\\documents\\pdfRenderer.ts","statementMap":{"0":{"start":{"line":7,"column":46},"end":{"line":7,"column":null}},"1":{"start":{"line":13,"column":2},"end":{"line":18,"column":null}},"2":{"start":{"line":14,"column":4},"end":{"line":17,"column":null}},"3":{"start":{"line":15,"column":6},"end":{"line":15,"column":null}},"4":{"start":{"line":16,"column":6},"end":{"line":16,"column":null}},"5":{"start":{"line":19,"column":2},"end":{"line":19,"column":null}},"6":{"start":{"line":23,"column":8},"end":{"line":23,"column":null}},"7":{"start":{"line":27,"column":2},"end":{"line":40,"column":null}},"8":{"start":{"line":28,"column":10},"end":{"line":28,"column":null}},"9":{"start":{"line":29,"column":4},"end":{"line":33,"column":null}},"10":{"start":{"line":36,"column":4},"end":{"line":39,"column":null}},"11":{"start":{"line":45,"column":18},"end":{"line":45,"column":null}},"12":{"start":{"line":46,"column":15},"end":{"line":46,"column":null}},"13":{"start":{"line":47,"column":2},"end":{"line":60,"column":null}},"14":{"start":{"line":48,"column":4},"end":{"line":48,"column":null}},"15":{"start":{"line":50,"column":4},"end":{"line":50,"column":null}},"16":{"start":{"line":51,"column":16},"end":{"line":56,"column":null}},"17":{"start":{"line":57,"column":4},"end":{"line":57,"column":null}},"18":{"start":{"line":59,"column":4},"end":{"line":59,"column":null}},"19":{"start":{"line":65,"column":2},"end":{"line":68,"column":null}},"20":{"start":{"line":66,"column":4},"end":{"line":66,"column":null}},"21":{"start":{"line":66,"column":20},"end":{"line":66,"column":42}},"22":{"start":{"line":66,"column":42},"end":{"line":66,"column":58}},"23":{"start":{"line":67,"column":4},"end":{"line":67,"column":null}}},"fnMap":{"0":{"name":"getBrowser","decl":{"start":{"line":12,"column":22},"end":{"line":12,"column":53}},"loc":{"start":{"line":12,"column":53},"end":{"line":20,"column":null}},"line":12},"1":{"name":"(anonymous_1)","decl":{"start":{"line":14,"column":37},"end":{"line":14,"column":43}},"loc":{"start":{"line":14,"column":50},"end":{"line":17,"column":5}},"line":14},"2":{"name":"launchBrowser","decl":{"start":{"line":22,"column":15},"end":{"line":22,"column":49}},"loc":{"start":{"line":22,"column":49},"end":{"line":41,"column":null}},"line":22},"3":{"name":"htmlToPDF","decl":{"start":{"line":44,"column":22},"end":{"line":44,"column":32}},"loc":{"start":{"line":44,"column":63},"end":{"line":61,"column":null}},"line":44},"4":{"name":"(anonymous_4)","decl":{"start":{"line":50,"column":54},"end":{"line":50,"column":66}},"loc":{"start":{"line":50,"column":66},"end":{"line":50,"column":68}},"line":50},"5":{"name":"(anonymous_5)","decl":{"start":{"line":59,"column":23},"end":{"line":59,"column":35}},"loc":{"start":{"line":59,"column":35},"end":{"line":59,"column":37}},"line":59},"6":{"name":"closePdfBrowser","decl":{"start":{"line":64,"column":22},"end":{"line":64,"column":55}},"loc":{"start":{"line":64,"column":55},"end":{"line":69,"column":null}},"line":64}},"branchMap":{"0":{"loc":{"start":{"line":13,"column":2},"end":{"line":18,"column":null}},"type":"if","locations":[{"start":{"line":13,"column":2},"end":{"line":18,"column":null}},{"start":{},"end":{}}],"line":13},"1":{"loc":{"start":{"line":65,"column":2},"end":{"line":68,"column":null}},"type":"if","locations":[{"start":{"line":65,"column":2},"end":{"line":68,"column":null}},{"start":{},"end":{}}],"line":65}},"s":{"0":2,"1":0,"2":0,"3":0,"4":0,"5":0,"6":0,"7":0,"8":0,"9":0,"10":0,"11":0,"12":0,"13":0,"14":0,"15":0,"16":0,"17":0,"18":0,"19":0,"20":0,"21":0,"22":0,"23":0},"f":{"0":0,"1":0,"2":0,"3":0,"4":0,"5":0,"6":0},"b":{"0":[0,0],"1":[0,0]},"meta":{"lastBranch":2,"lastFunction":7,"lastStatement":24,"seen":{"s:7:46:7:Infinity":0,"f:12:22:12:53":0,"b:13:2:18:Infinity:undefined:undefined:undefined:undefined":0,"s:13:2:18:Infinity":1,"s:14:4:17:Infinity":2,"f:14:37:14:43":1,"s:15:6:15:Infinity":3,"s:16:6:16:Infinity":4,"s:19:2:19:Infinity":5,"f:22:15:22:49":2,"s:23:8:23:Infinity":6,"s:27:2:40:Infinity":7,"s:28:10:28:Infinity":8,"s:29:4:33:Infinity":9,"s:36:4:39:Infinity":10,"f:44:22:44:32":3,"s:45:18:45:Infinity":11,"s:46:15:46:Infinity":12,"s:47:2:60:Infinity":13,"s:48:4:48:Infinity":14,"s:50:4:50:Infinity":15,"f:50:54:50:66":4,"s:51:16:56:Infinity":16,"s:57:4:57:Infinity":17,"s:59:4:59:Infinity":18,"f:59:23:59:35":5,"f:64:22:64:55":6,"b:65:2:68:Infinity:undefined:undefined:undefined:undefined":1,"s:65:2:68:Infinity":19,"s:66:4:66:Infinity":20,"s:66:20:66:42":21,"s:66:42:66:58":22,"s:67:4:67:Infinity":23},"fnNames":{}}}
,"C:\\Users\\hp\\Desktop\\daya-ia\\backend\\src\\utils\\nlp.ts": {"path":"C:\\Users\\hp\\Desktop\\daya-ia\\backend\\src\\utils\\nlp.ts","statementMap":{"0":{"start":{"line":9,"column":2},"end":{"line":14,"column":null}},"1":{"start":{"line":14,"column":17},"end":{"line":14,"column":35}},"2":{"start":{"line":22,"column":13},"end":{"line":22,"column":null}},"3":{"start":{"line":23,"column":13},"end":{"line":23,"column":null}},"4":{"start":{"line":24,"column":2},"end":{"line":24,"column":null}},"5":{"start":{"line":24,"column":28},"end":{"line":24,"column":null}},"6":{"start":{"line":25,"column":14},"end":{"line":25,"column":null}},"7":{"start":{"line":26,"column":2},"end":{"line":26,"column":null}},"8":{"start":{"line":26,"column":22},"end":{"line":26,"column":null}},"9":{"start":{"line":26,"column":37},"end":{"line":26,"column":null}},"10":{"start":{"line":27,"column":2},"end":{"line":27,"column":null}}},"fnMap":{"0":{"name":"tokenize","decl":{"start":{"line":8,"column":16},"end":{"line":8,"column":25}},"loc":{"start":{"line":8,"column":61},"end":{"line":15,"column":null}},"line":8},"1":{"name":"(anonymous_1)","decl":{"start":{"line":14,"column":5},"end":{"line":14,"column":12}},"loc":{"start":{"line":14,"column":17},"end":{"line":14,"column":35}},"line":14},"2":{"name":"jaccard","decl":{"start":{"line":21,"column":16},"end":{"line":21,"column":24}},"loc":{"start":{"line":21,"column":54},"end":{"line":28,"column":null}},"line":21}},"branchMap":{"0":{"loc":{"start":{"line":8,"column":39},"end":{"line":8,"column":61}},"type":"default-arg","locations":[{"start":{"line":8,"column":48},"end":{"line":8,"column":61}}],"line":8},"1":{"loc":{"start":{"line":9,"column":10},"end":{"line":9,"column":20}},"type":"binary-expr","locations":[{"start":{"line":9,"column":10},"end":{"line":9,"column":18}},{"start":{"line":9,"column":18},"end":{"line":9,"column":20}}],"line":9},"2":{"loc":{"start":{"line":24,"column":2},"end":{"line":24,"column":null}},"type":"if","locations":[{"start":{"line":24,"column":2},"end":{"line":24,"column":null}},{"start":{},"end":{}}],"line":24},"3":{"loc":{"start":{"line":24,"column":6},"end":{"line":24,"column":28}},"type":"binary-expr","locations":[{"start":{"line":24,"column":6},"end":{"line":24,"column":18}},{"start":{"line":24,"column":18},"end":{"line":24,"column":28}}],"line":24},"4":{"loc":{"start":{"line":26,"column":22},"end":{"line":26,"column":null}},"type":"if","locations":[{"start":{"line":26,"column":22},"end":{"line":26,"column":null}},{"start":{},"end":{}}],"line":26}},"s":{"0":0,"1":0,"2":0,"3":0,"4":0,"5":0,"6":0,"7":0,"8":0,"9":0,"10":0},"f":{"0":0,"1":0,"2":0},"b":{"0":[0],"1":[0,0],"2":[0,0],"3":[0,0],"4":[0,0]},"meta":{"lastBranch":5,"lastFunction":3,"lastStatement":11,"seen":{"f:8:16:8:25":0,"b:8:48:8:61":0,"s:9:2:14:Infinity":0,"b:9:10:9:18:9:18:9:20":1,"f:14:5:14:12":1,"s:14:17:14:35":1,"f:21:16:21:24":2,"s:22:13:22:Infinity":2,"s:23:13:23:Infinity":3,"b:24:2:24:Infinity:undefined:undefined:undefined:undefined":2,"s:24:2:24:Infinity":4,"b:24:6:24:18:24:18:24:28":3,"s:24:28:24:Infinity":5,"s:25:14:25:Infinity":6,"s:26:2:26:Infinity":7,"b:26:22:26:Infinity:undefined:undefined:undefined:undefined":4,"s:26:22:26:Infinity":8,"s:26:37:26:Infinity":9,"s:27:2:27:Infinity":10},"fnNames":{}}}
,"C:\\Users\\hp\\Desktop\\daya-ia\\backend\\src\\utils\\url.ts": {"path":"C:\\Users\\hp\\Desktop\\daya-ia\\backend\\src\\utils\\url.ts","statementMap":{"0":{"start":{"line":9,"column":2},"end":{"line":14,"column":null}},"1":{"start":{"line":10,"column":14},"end":{"line":10,"column":null}},"2":{"start":{"line":11,"column":4},"end":{"line":11,"column":null}},"3":{"start":{"line":13,"column":4},"end":{"line":13,"column":null}}},"fnMap":{"0":{"name":"domainOf","decl":{"start":{"line":8,"column":16},"end":{"line":8,"column":25}},"loc":{"start":{"line":8,"column":46},"end":{"line":15,"column":null}},"line":8}},"branchMap":{"0":{"loc":{"start":{"line":10,"column":22},"end":{"line":10,"column":66}},"type":"cond-expr","locations":[{"start":{"line":10,"column":44},"end":{"line":10,"column":50}},{"start":{"line":10,"column":50},"end":{"line":10,"column":66}}],"line":10}},"s":{"0":0,"1":0,"2":0,"3":0},"f":{"0":0},"b":{"0":[0,0]},"meta":{"lastBranch":1,"lastFunction":1,"lastStatement":4,"seen":{"f:8:16:8:25":0,"s:9:2:14:Infinity":0,"s:10:14:10:Infinity":1,"b:10:44:10:50:10:50:10:66":0,"s:11:4:11:Infinity":2,"s:13:4:13:Infinity":3},"fnNames":{}}}
}
